Buffer Mapping for: ../atu100oled_hex/atu_100_fw_EXT_32_oled_lvp.hex

[FLASH MEMORY]
  Offset: 0x00000 - 0x00003 (Len: 4 bytes)
  Data Snippet: B0 31 B1 2B 

[FLASH MEMORY]
  Offset: 0x00005 - 0x001E1 (Len: 477 bytes)
  Data Snippet: 3F 29 00 3E 08 00 3A 03 

[FLASH MEMORY]
  Offset: 0x001E3 - 0x001EF (Len: 13 bytes)
  Data Snippet: 30 F3 00 F2 00 F1 00 F0 

[FLASH MEMORY]
  Offset: 0x001F1 - 0x005D3 (Len: 995 bytes)
  Data Snippet: 30 08 00 3E 20 29 00 37 

[FLASH MEMORY]
  Offset: 0x005D5 - 0x00B71 (Len: 1437 bytes)
  Data Snippet: 30 08 00 2A 00 D1 01 05 

[FLASH MEMORY]
  Offset: 0x00B73 - 0x00C91 (Len: 287 bytes)
  Data Snippet: 30 08 00 7C 18 F1 2D FC 

[FLASH MEMORY]
  Offset: 0x00C93 - 0x00C9D (Len: 11 bytes)
  Data Snippet: 30 F2 00 F1 00 F0 00 FA 

[FLASH MEMORY]
  Offset: 0x00C9F - 0x00DF3 (Len: 341 bytes)
  Data Snippet: 30 08 00 20 00 72 08 76 

[FLASH MEMORY]
  Offset: 0x00DF5 - 0x00E4B (Len: 87 bytes)
  Data Snippet: 3E F7 2E 70 08 C1 00 3C 

[FLASH MEMORY]
  Offset: 0x00E4D - 0x015D5 (Len: 1929 bytes)
  Data Snippet: 30 C2 00 42 08 F0 00 08 

[FLASH MEMORY]
  Offset: 0x015D7 - 0x015ED (Len: 23 bytes)
  Data Snippet: 30 F2 00 F1 00 FA 0D F2 

[FLASH MEMORY]
  Offset: 0x015EF - 0x015F5 (Len: 7 bytes)
  Data Snippet: 30 FC 00 FC 08 03 19 

[FLASH MEMORY]
  Offset: 0x015F7 - 0x01627 (Len: 49 bytes)
  Data Snippet: 2A 80 31 44 26 88 31 71 

[FLASH MEMORY]
  Offset: 0x01629 - 0x0162B (Len: 3 bytes)
  Data Snippet: 30 F0 00 

[FLASH MEMORY]
  Offset: 0x0162D - 0x01633 (Len: 7 bytes)
  Data Snippet: 30 F1 00 7F 30 F2 00 

[FLASH MEMORY]
  Offset: 0x01635 - 0x01953 (Len: 799 bytes)
  Data Snippet: 30 F3 00 BF 2B 20 00 77 

[FLASH MEMORY]
  Offset: 0x01955 - 0x01957 (Len: 3 bytes)
  Data Snippet: 30 F0 00 

[FLASH MEMORY]
  Offset: 0x01959 - 0x0195B (Len: 3 bytes)
  Data Snippet: 30 F1 00 

[FLASH MEMORY]
  Offset: 0x0195D - 0x01A8D (Len: 305 bytes)
  Data Snippet: 30 F2 00 7F 30 F3 00 4F 

[FLASH MEMORY]
  Offset: 0x01A8F - 0x01B61 (Len: 211 bytes)
  Data Snippet: 34 A0 01 7C 1C 4E 2D 80 

[FLASH MEMORY]
  Offset: 0x01B63 - 0x0200F (Len: 1197 bytes)
  Data Snippet: 3E AB 2D 3E 08 F0 00 3F 

[FLASH MEMORY]
  Offset: 0x02011 - 0x020CB (Len: 187 bytes)
  Data Snippet: 30 F0 00 7F 30 F1 00 67 

[FLASH MEMORY]
  Offset: 0x020CD - 0x02B7B (Len: 2735 bytes)
  Data Snippet: 34 08 00 29 00 6F 18 6E 

[FLASH MEMORY]
  Offset: 0x02B7D - 0x02D63 (Len: 487 bytes)
  Data Snippet: 2D 29 00 4E 08 04 3A 01 

[FLASH MEMORY]
  Offset: 0x02D65 - 0x03013 (Len: 687 bytes)
  Data Snippet: 30 29 00 E7 00 E8 01 71 

[FLASH MEMORY]
  Offset: 0x03015 - 0x0302B (Len: 23 bytes)
  Data Snippet: 30 A2 00 A3 00 88 31 C0 

[FLASH MEMORY]
  Offset: 0x0302D - 0x0403B (Len: 4111 bytes)
  Data Snippet: 30 A6 00 A7 00 28 00 4D 

[FLASH MEMORY]
  Offset: 0x0403D - 0x04073 (Len: 55 bytes)
  Data Snippet: 3E 1A 28 01 30 70 02 F2 

[FLASH MEMORY]
  Offset: 0x04075 - 0x041F5 (Len: 385 bytes)
  Data Snippet: 3E 37 28 DE 03 26 00 4A 

[FLASH MEMORY]
  Offset: 0x041F7 - 0x0422D (Len: 55 bytes)
  Data Snippet: 3E F7 28 01 30 70 02 F2 

[FLASH MEMORY]
  Offset: 0x0422F - 0x04A3B (Len: 2061 bytes)
  Data Snippet: 3E 14 29 DE 03 26 00 49 

[FLASH MEMORY]
  Offset: 0x04A3D - 0x04CFF (Len: 707 bytes)
  Data Snippet: 30 2A 00 DC 00 80 31 03 

[FLASH MEMORY]
  Offset: 0x04D01 - 0x04F1B (Len: 539 bytes)
  Data Snippet: 30 29 00 E7 00 26 00 49 

[FLASH MEMORY]
  Offset: 0x04F1D - 0x05713 (Len: 2039 bytes)
  Data Snippet: 30 29 00 E7 00 26 00 49 

[FLASH MEMORY]
  Offset: 0x05715 - 0x0577D (Len: 105 bytes)
  Data Snippet: 3E 86 2B 01 30 70 02 F2 

[FLASH MEMORY]
  Offset: 0x0577F - 0x06309 (Len: 2955 bytes)
  Data Snippet: 3E BB 2B 01 30 70 02 F2 

[FLASH MEMORY]
  Offset: 0x0630B - 0x065F9 (Len: 751 bytes)
  Data Snippet: 30 CA 00 89 29 CA 01 01 

[FLASH MEMORY]
  Offset: 0x065FB - 0x069CF (Len: 981 bytes)
  Data Snippet: 2A BA 01 02 30 29 00 E7 

[FLASH MEMORY]
  Offset: 0x069D1 - 0x069E5 (Len: 21 bytes)
  Data Snippet: 30 29 00 EF 00 90 31 68 

[FLASH MEMORY]
  Offset: 0x069E7 - 0x069F1 (Len: 11 bytes)
  Data Snippet: 30 29 00 EF 00 88 31 1D 

[FLASH MEMORY]
  Offset: 0x069F3 - 0x06C13 (Len: 545 bytes)
  Data Snippet: 2C 29 00 EF 01 88 31 1D 

[FLASH MEMORY]
  Offset: 0x06C15 - 0x06D65 (Len: 337 bytes)
  Data Snippet: 30 29 00 D4 00 90 31 7D 

[FLASH MEMORY]
  Offset: 0x06D67 - 0x075A1 (Len: 2107 bytes)
  Data Snippet: 3F 50 34 57 34 52 34 3D 

[FLASH MEMORY]
  Offset: 0x075A3 - 0x075DF (Len: 61 bytes)
  Data Snippet: 3F B0 30 84 00 AF 30 85 

[FLASH MEMORY]
  Offset: 0x075E1 - 0x07837 (Len: 599 bytes)
  Data Snippet: 30 84 00 97 30 85 00 01 

[FLASH MEMORY]
  Offset: 0x07839 - 0x0790B (Len: 211 bytes)
  Data Snippet: 30 84 00 B7 30 85 00 01 

[FLASH MEMORY]
  Offset: 0x0790D - 0x0790D (Len: 1 bytes)
  Data Snippet: 3F 

[FLASH MEMORY]
  Offset: 0x0790F - 0x0790F (Len: 1 bytes)
  Data Snippet: 3F 

[FLASH MEMORY]
  Offset: 0x07911 - 0x07911 (Len: 1 bytes)
  Data Snippet: 3F 

[FLASH MEMORY]
  Offset: 0x07913 - 0x07913 (Len: 1 bytes)
  Data Snippet: 3F 

[FLASH MEMORY]
  Offset: 0x07915 - 0x07915 (Len: 1 bytes)
  Data Snippet: 3F 

[FLASH MEMORY]
  Offset: 0x07917 - 0x07917 (Len: 1 bytes)
  Data Snippet: 3F 

[FLASH MEMORY]
  Offset: 0x07919 - 0x07919 (Len: 1 bytes)
  Data Snippet: 3F 

[FLASH MEMORY]
  Offset: 0x0791B - 0x0791B (Len: 1 bytes)
  Data Snippet: 3F 

[FLASH MEMORY]
  Offset: 0x0791D - 0x0791D (Len: 1 bytes)
  Data Snippet: 3F 

[FLASH MEMORY]
  Offset: 0x0791F - 0x0791F (Len: 1 bytes)
  Data Snippet: 3F 

[FLASH MEMORY]
  Offset: 0x07921 - 0x07921 (Len: 1 bytes)
  Data Snippet: 3F 

[FLASH MEMORY]
  Offset: 0x07923 - 0x07923 (Len: 1 bytes)
  Data Snippet: 3F 

[FLASH MEMORY]
  Offset: 0x07925 - 0x07925 (Len: 1 bytes)
  Data Snippet: 3F 

[FLASH MEMORY]
  Offset: 0x07927 - 0x07927 (Len: 1 bytes)
  Data Snippet: 3F 

[FLASH MEMORY]
  Offset: 0x07929 - 0x07929 (Len: 1 bytes)
  Data Snippet: 3F 

[FLASH MEMORY]
  Offset: 0x0792B - 0x0792B (Len: 1 bytes)
  Data Snippet: 3F 

[FLASH MEMORY]
  Offset: 0x0792D - 0x0792D (Len: 1 bytes)
  Data Snippet: 3F 

[FLASH MEMORY]
  Offset: 0x0792F - 0x0792F (Len: 1 bytes)
  Data Snippet: 3F 

[FLASH MEMORY]
  Offset: 0x07931 - 0x07931 (Len: 1 bytes)
  Data Snippet: 3F 

[FLASH MEMORY]
  Offset: 0x07933 - 0x07933 (Len: 1 bytes)
  Data Snippet: 3F 

[FLASH MEMORY]
  Offset: 0x07935 - 0x07935 (Len: 1 bytes)
  Data Snippet: 3F 

[FLASH MEMORY]
  Offset: 0x07937 - 0x07937 (Len: 1 bytes)
  Data Snippet: 3F 

[FLASH MEMORY]
  Offset: 0x07939 - 0x07939 (Len: 1 bytes)
  Data Snippet: 3F 

[FLASH MEMORY]
  Offset: 0x0793B - 0x0793B (Len: 1 bytes)
  Data Snippet: 3F 

[FLASH MEMORY]
  Offset: 0x0793D - 0x0793D (Len: 1 bytes)
  Data Snippet: 3F 

[FLASH MEMORY]
  Offset: 0x0793F - 0x0793F (Len: 1 bytes)
  Data Snippet: 3F 

[FLASH MEMORY]
  Offset: 0x07941 - 0x07941 (Len: 1 bytes)
  Data Snippet: 3F 

[FLASH MEMORY]
  Offset: 0x07943 - 0x07943 (Len: 1 bytes)
  Data Snippet: 3F 

[FLASH MEMORY]
  Offset: 0x07945 - 0x07945 (Len: 1 bytes)
  Data Snippet: 3F 

[FLASH MEMORY]
  Offset: 0x07947 - 0x07947 (Len: 1 bytes)
  Data Snippet: 3F 

[FLASH MEMORY]
  Offset: 0x07949 - 0x07949 (Len: 1 bytes)
  Data Snippet: 3F 

[FLASH MEMORY]
  Offset: 0x0794B - 0x0794B (Len: 1 bytes)
  Data Snippet: 3F 

[FLASH MEMORY]
  Offset: 0x0794D - 0x0794D (Len: 1 bytes)
  Data Snippet: 3F 

[FLASH MEMORY]
  Offset: 0x0794F - 0x0794F (Len: 1 bytes)
  Data Snippet: 3F 

[FLASH MEMORY]
  Offset: 0x07951 - 0x07951 (Len: 1 bytes)
  Data Snippet: 3F 

[FLASH MEMORY]
  Offset: 0x07953 - 0x07953 (Len: 1 bytes)
  Data Snippet: 3F 

[FLASH MEMORY]
  Offset: 0x07955 - 0x07955 (Len: 1 bytes)
  Data Snippet: 3F 

[FLASH MEMORY]
  Offset: 0x07957 - 0x07957 (Len: 1 bytes)
  Data Snippet: 3F 

[FLASH MEMORY]
  Offset: 0x07959 - 0x07959 (Len: 1 bytes)
  Data Snippet: 3F 

[FLASH MEMORY]
  Offset: 0x0795B - 0x0795B (Len: 1 bytes)
  Data Snippet: 3F 

[FLASH MEMORY]
  Offset: 0x0795D - 0x0795D (Len: 1 bytes)
  Data Snippet: 3F 

[FLASH MEMORY]
  Offset: 0x0795F - 0x0795F (Len: 1 bytes)
  Data Snippet: 3F 

[FLASH MEMORY]
  Offset: 0x07961 - 0x07961 (Len: 1 bytes)
  Data Snippet: 3F 

[FLASH MEMORY]
  Offset: 0x07963 - 0x07963 (Len: 1 bytes)
  Data Snippet: 3F 

[FLASH MEMORY]
  Offset: 0x07965 - 0x07965 (Len: 1 bytes)
  Data Snippet: 3F 

[FLASH MEMORY]
  Offset: 0x07967 - 0x07967 (Len: 1 bytes)
  Data Snippet: 3F 

[FLASH MEMORY]
  Offset: 0x07969 - 0x07969 (Len: 1 bytes)
  Data Snippet: 3F 

[FLASH MEMORY]
  Offset: 0x0796B - 0x0796B (Len: 1 bytes)
  Data Snippet: 3F 

[FLASH MEMORY]
  Offset: 0x0796D - 0x0796D (Len: 1 bytes)
  Data Snippet: 3F 

[FLASH MEMORY]
  Offset: 0x0796F - 0x0796F (Len: 1 bytes)
  Data Snippet: 3F 

[FLASH MEMORY]
  Offset: 0x07971 - 0x07971 (Len: 1 bytes)
  Data Snippet: 3F 

[FLASH MEMORY]
  Offset: 0x07973 - 0x07973 (Len: 1 bytes)
  Data Snippet: 3F 

[FLASH MEMORY]
  Offset: 0x07975 - 0x07975 (Len: 1 bytes)
  Data Snippet: 3F 

[FLASH MEMORY]
  Offset: 0x07977 - 0x07977 (Len: 1 bytes)
  Data Snippet: 3F 

[FLASH MEMORY]
  Offset: 0x07979 - 0x07979 (Len: 1 bytes)
  Data Snippet: 3F 

[FLASH MEMORY]
  Offset: 0x0797B - 0x0797B (Len: 1 bytes)
  Data Snippet: 3F 

[FLASH MEMORY]
  Offset: 0x0797D - 0x0797D (Len: 1 bytes)
  Data Snippet: 3F 

[FLASH MEMORY]
  Offset: 0x0797F - 0x0797F (Len: 1 bytes)
  Data Snippet: 3F 

[FLASH MEMORY]
  Offset: 0x07981 - 0x07981 (Len: 1 bytes)
  Data Snippet: 3F 

[FLASH MEMORY]
  Offset: 0x07983 - 0x07983 (Len: 1 bytes)
  Data Snippet: 3F 

[FLASH MEMORY]
  Offset: 0x07985 - 0x07985 (Len: 1 bytes)
  Data Snippet: 3F 

[FLASH MEMORY]
  Offset: 0x07987 - 0x07987 (Len: 1 bytes)
  Data Snippet: 3F 

[FLASH MEMORY]
  Offset: 0x07989 - 0x07989 (Len: 1 bytes)
  Data Snippet: 3F 

[FLASH MEMORY]
  Offset: 0x0798B - 0x0798B (Len: 1 bytes)
  Data Snippet: 3F 

[FLASH MEMORY]
  Offset: 0x0798D - 0x0798D (Len: 1 bytes)
  Data Snippet: 3F 

[FLASH MEMORY]
  Offset: 0x0798F - 0x0798F (Len: 1 bytes)
  Data Snippet: 3F 

[FLASH MEMORY]
  Offset: 0x07991 - 0x07991 (Len: 1 bytes)
  Data Snippet: 3F 

[FLASH MEMORY]
  Offset: 0x07993 - 0x07993 (Len: 1 bytes)
  Data Snippet: 3F 

[FLASH MEMORY]
  Offset: 0x07995 - 0x07995 (Len: 1 bytes)
  Data Snippet: 3F 

[FLASH MEMORY]
  Offset: 0x07997 - 0x07997 (Len: 1 bytes)
  Data Snippet: 3F 

[FLASH MEMORY]
  Offset: 0x07999 - 0x07999 (Len: 1 bytes)
  Data Snippet: 3F 

[FLASH MEMORY]
  Offset: 0x0799B - 0x0799B (Len: 1 bytes)
  Data Snippet: 3F 

[FLASH MEMORY]
  Offset: 0x0799D - 0x0799D (Len: 1 bytes)
  Data Snippet: 3F 

[FLASH MEMORY]
  Offset: 0x0799F - 0x0799F (Len: 1 bytes)
  Data Snippet: 3F 

[FLASH MEMORY]
  Offset: 0x079A1 - 0x079A1 (Len: 1 bytes)
  Data Snippet: 3F 

[FLASH MEMORY]
  Offset: 0x079A3 - 0x079A3 (Len: 1 bytes)
  Data Snippet: 3F 

[FLASH MEMORY]
  Offset: 0x079A5 - 0x079A5 (Len: 1 bytes)
  Data Snippet: 3F 

[FLASH MEMORY]
  Offset: 0x079A7 - 0x079A7 (Len: 1 bytes)
  Data Snippet: 3F 

[FLASH MEMORY]
  Offset: 0x079A9 - 0x079A9 (Len: 1 bytes)
  Data Snippet: 3F 

[FLASH MEMORY]
  Offset: 0x079AB - 0x079AB (Len: 1 bytes)
  Data Snippet: 3F 

[FLASH MEMORY]
  Offset: 0x079AD - 0x079AD (Len: 1 bytes)
  Data Snippet: 3F 

[FLASH MEMORY]
  Offset: 0x079AF - 0x079AF (Len: 1 bytes)
  Data Snippet: 3F 

[FLASH MEMORY]
  Offset: 0x079B1 - 0x079B1 (Len: 1 bytes)
  Data Snippet: 3F 

[FLASH MEMORY]
  Offset: 0x079B3 - 0x079B3 (Len: 1 bytes)
  Data Snippet: 3F 

[FLASH MEMORY]
  Offset: 0x079B5 - 0x079B5 (Len: 1 bytes)
  Data Snippet: 3F 

[FLASH MEMORY]
  Offset: 0x079B7 - 0x079B7 (Len: 1 bytes)
  Data Snippet: 3F 

[FLASH MEMORY]
  Offset: 0x079B9 - 0x079B9 (Len: 1 bytes)
  Data Snippet: 3F 

[FLASH MEMORY]
  Offset: 0x079BB - 0x079BB (Len: 1 bytes)
  Data Snippet: 3F 

[FLASH MEMORY]
  Offset: 0x079BD - 0x079BD (Len: 1 bytes)
  Data Snippet: 3F 

[FLASH MEMORY]
  Offset: 0x079BF - 0x079BF (Len: 1 bytes)
  Data Snippet: 3F 

[FLASH MEMORY]
  Offset: 0x079C1 - 0x079C1 (Len: 1 bytes)
  Data Snippet: 3F 

[FLASH MEMORY]
  Offset: 0x079C3 - 0x079C3 (Len: 1 bytes)
  Data Snippet: 3F 

[FLASH MEMORY]
  Offset: 0x079C5 - 0x079C5 (Len: 1 bytes)
  Data Snippet: 3F 

[FLASH MEMORY]
  Offset: 0x079C7 - 0x079C7 (Len: 1 bytes)
  Data Snippet: 3F 

[FLASH MEMORY]
  Offset: 0x079C9 - 0x079C9 (Len: 1 bytes)
  Data Snippet: 3F 

[FLASH MEMORY]
  Offset: 0x079CB - 0x079CB (Len: 1 bytes)
  Data Snippet: 3F 

[FLASH MEMORY]
  Offset: 0x079CD - 0x079CD (Len: 1 bytes)
  Data Snippet: 3F 

[FLASH MEMORY]
  Offset: 0x079CF - 0x079CF (Len: 1 bytes)
  Data Snippet: 3F 

[FLASH MEMORY]
  Offset: 0x079D1 - 0x079D1 (Len: 1 bytes)
  Data Snippet: 3F 

[FLASH MEMORY]
  Offset: 0x079D3 - 0x079D3 (Len: 1 bytes)
  Data Snippet: 3F 

[FLASH MEMORY]
  Offset: 0x079D5 - 0x079D5 (Len: 1 bytes)
  Data Snippet: 3F 

[FLASH MEMORY]
  Offset: 0x079D7 - 0x079D7 (Len: 1 bytes)
  Data Snippet: 3F 

[FLASH MEMORY]
  Offset: 0x079D9 - 0x079D9 (Len: 1 bytes)
  Data Snippet: 3F 

[FLASH MEMORY]
  Offset: 0x079DB - 0x079DB (Len: 1 bytes)
  Data Snippet: 3F 

[FLASH MEMORY]
  Offset: 0x079DD - 0x079DD (Len: 1 bytes)
  Data Snippet: 3F 

[FLASH MEMORY]
  Offset: 0x079DF - 0x079DF (Len: 1 bytes)
  Data Snippet: 3F 

[FLASH MEMORY]
  Offset: 0x079E1 - 0x079E1 (Len: 1 bytes)
  Data Snippet: 3F 

[FLASH MEMORY]
  Offset: 0x079E3 - 0x079E3 (Len: 1 bytes)
  Data Snippet: 3F 

[FLASH MEMORY]
  Offset: 0x079E5 - 0x079E5 (Len: 1 bytes)
  Data Snippet: 3F 

[FLASH MEMORY]
  Offset: 0x079E7 - 0x079E7 (Len: 1 bytes)
  Data Snippet: 3F 

[FLASH MEMORY]
  Offset: 0x079E9 - 0x079E9 (Len: 1 bytes)
  Data Snippet: 3F 

[FLASH MEMORY]
  Offset: 0x079EB - 0x079EB (Len: 1 bytes)
  Data Snippet: 3F 

[FLASH MEMORY]
  Offset: 0x079ED - 0x079ED (Len: 1 bytes)
  Data Snippet: 3F 

[FLASH MEMORY]
  Offset: 0x079EF - 0x079EF (Len: 1 bytes)
  Data Snippet: 3F 

[FLASH MEMORY]
  Offset: 0x079F1 - 0x079F1 (Len: 1 bytes)
  Data Snippet: 3F 

[FLASH MEMORY]
  Offset: 0x079F3 - 0x079F3 (Len: 1 bytes)
  Data Snippet: 3F 

[FLASH MEMORY]
  Offset: 0x079F5 - 0x079F5 (Len: 1 bytes)
  Data Snippet: 3F 

[FLASH MEMORY]
  Offset: 0x079F7 - 0x079F7 (Len: 1 bytes)
  Data Snippet: 3F 

[FLASH MEMORY]
  Offset: 0x079F9 - 0x079F9 (Len: 1 bytes)
  Data Snippet: 3F 

[FLASH MEMORY]
  Offset: 0x079FB - 0x079FB (Len: 1 bytes)
  Data Snippet: 3F 

[FLASH MEMORY]
  Offset: 0x079FD - 0x079FD (Len: 1 bytes)
  Data Snippet: 3F 

[FLASH MEMORY]
  Offset: 0x079FF - 0x079FF (Len: 1 bytes)
  Data Snippet: 3F 

[FLASH MEMORY]
  Offset: 0x07A01 - 0x07A01 (Len: 1 bytes)
  Data Snippet: 3F 

[FLASH MEMORY]
  Offset: 0x07A03 - 0x07A03 (Len: 1 bytes)
  Data Snippet: 3F 

[FLASH MEMORY]
  Offset: 0x07A05 - 0x07A05 (Len: 1 bytes)
  Data Snippet: 3F 

[FLASH MEMORY]
  Offset: 0x07A07 - 0x07A07 (Len: 1 bytes)
  Data Snippet: 3F 

[FLASH MEMORY]
  Offset: 0x07A09 - 0x07A09 (Len: 1 bytes)
  Data Snippet: 3F 

[FLASH MEMORY]
  Offset: 0x07A0B - 0x07A0B (Len: 1 bytes)
  Data Snippet: 3F 

[FLASH MEMORY]
  Offset: 0x07A0D - 0x07A0D (Len: 1 bytes)
  Data Snippet: 3F 

[FLASH MEMORY]
  Offset: 0x07A0F - 0x07A0F (Len: 1 bytes)
  Data Snippet: 3F 

[FLASH MEMORY]
  Offset: 0x07A11 - 0x07A11 (Len: 1 bytes)
  Data Snippet: 3F 

[FLASH MEMORY]
  Offset: 0x07A13 - 0x07A13 (Len: 1 bytes)
  Data Snippet: 3F 

[FLASH MEMORY]
  Offset: 0x07A15 - 0x07A15 (Len: 1 bytes)
  Data Snippet: 3F 

[FLASH MEMORY]
  Offset: 0x07A17 - 0x07A17 (Len: 1 bytes)
  Data Snippet: 3F 

[FLASH MEMORY]
  Offset: 0x07A19 - 0x07A19 (Len: 1 bytes)
  Data Snippet: 3F 

[FLASH MEMORY]
  Offset: 0x07A1B - 0x07A1B (Len: 1 bytes)
  Data Snippet: 3F 

[FLASH MEMORY]
  Offset: 0x07A1D - 0x07A1D (Len: 1 bytes)
  Data Snippet: 3F 

[FLASH MEMORY]
  Offset: 0x07A1F - 0x07A1F (Len: 1 bytes)
  Data Snippet: 3F 

[FLASH MEMORY]
  Offset: 0x07A21 - 0x07A21 (Len: 1 bytes)
  Data Snippet: 3F 

[FLASH MEMORY]
  Offset: 0x07A23 - 0x07A23 (Len: 1 bytes)
  Data Snippet: 3F 

[FLASH MEMORY]
  Offset: 0x07A25 - 0x07A25 (Len: 1 bytes)
  Data Snippet: 3F 

[FLASH MEMORY]
  Offset: 0x07A27 - 0x07A27 (Len: 1 bytes)
  Data Snippet: 3F 

[FLASH MEMORY]
  Offset: 0x07A29 - 0x07A29 (Len: 1 bytes)
  Data Snippet: 3F 

[FLASH MEMORY]
  Offset: 0x07A2B - 0x07A2B (Len: 1 bytes)
  Data Snippet: 3F 

[FLASH MEMORY]
  Offset: 0x07A2D - 0x07A2D (Len: 1 bytes)
  Data Snippet: 3F 

[FLASH MEMORY]
  Offset: 0x07A2F - 0x07A2F (Len: 1 bytes)
  Data Snippet: 3F 

[FLASH MEMORY]
  Offset: 0x07A31 - 0x07A31 (Len: 1 bytes)
  Data Snippet: 3F 

[FLASH MEMORY]
  Offset: 0x07A33 - 0x07A33 (Len: 1 bytes)
  Data Snippet: 3F 

[FLASH MEMORY]
  Offset: 0x07A35 - 0x07A35 (Len: 1 bytes)
  Data Snippet: 3F 

[FLASH MEMORY]
  Offset: 0x07A37 - 0x07A37 (Len: 1 bytes)
  Data Snippet: 3F 

[FLASH MEMORY]
  Offset: 0x07A39 - 0x07A39 (Len: 1 bytes)
  Data Snippet: 3F 

[FLASH MEMORY]
  Offset: 0x07A3B - 0x07A3B (Len: 1 bytes)
  Data Snippet: 3F 

[FLASH MEMORY]
  Offset: 0x07A3D - 0x07A3D (Len: 1 bytes)
  Data Snippet: 3F 

[FLASH MEMORY]
  Offset: 0x07A3F - 0x07A3F (Len: 1 bytes)
  Data Snippet: 3F 

[FLASH MEMORY]
  Offset: 0x07A41 - 0x07A41 (Len: 1 bytes)
  Data Snippet: 3F 

[FLASH MEMORY]
  Offset: 0x07A43 - 0x07A43 (Len: 1 bytes)
  Data Snippet: 3F 

[FLASH MEMORY]
  Offset: 0x07A45 - 0x07A45 (Len: 1 bytes)
  Data Snippet: 3F 

[FLASH MEMORY]
  Offset: 0x07A47 - 0x07A47 (Len: 1 bytes)
  Data Snippet: 3F 

[FLASH MEMORY]
  Offset: 0x07A49 - 0x07A49 (Len: 1 bytes)
  Data Snippet: 3F 

[FLASH MEMORY]
  Offset: 0x07A4B - 0x07A4B (Len: 1 bytes)
  Data Snippet: 3F 

[FLASH MEMORY]
  Offset: 0x07A4D - 0x07A4D (Len: 1 bytes)
  Data Snippet: 3F 

[FLASH MEMORY]
  Offset: 0x07A4F - 0x07A4F (Len: 1 bytes)
  Data Snippet: 3F 

[FLASH MEMORY]
  Offset: 0x07A51 - 0x07A51 (Len: 1 bytes)
  Data Snippet: 3F 

[FLASH MEMORY]
  Offset: 0x07A53 - 0x07A53 (Len: 1 bytes)
  Data Snippet: 3F 

[FLASH MEMORY]
  Offset: 0x07A55 - 0x07A55 (Len: 1 bytes)
  Data Snippet: 3F 

[FLASH MEMORY]
  Offset: 0x07A57 - 0x07A57 (Len: 1 bytes)
  Data Snippet: 3F 

[FLASH MEMORY]
  Offset: 0x07A59 - 0x07A59 (Len: 1 bytes)
  Data Snippet: 3F 

[FLASH MEMORY]
  Offset: 0x07A5B - 0x07A5B (Len: 1 bytes)
  Data Snippet: 3F 

[FLASH MEMORY]
  Offset: 0x07A5D - 0x07A5D (Len: 1 bytes)
  Data Snippet: 3F 

[FLASH MEMORY]
  Offset: 0x07A5F - 0x07A5F (Len: 1 bytes)
  Data Snippet: 3F 

[FLASH MEMORY]
  Offset: 0x07A61 - 0x07A61 (Len: 1 bytes)
  Data Snippet: 3F 

[FLASH MEMORY]
  Offset: 0x07A63 - 0x07A63 (Len: 1 bytes)
  Data Snippet: 3F 

[FLASH MEMORY]
  Offset: 0x07A65 - 0x07A65 (Len: 1 bytes)
  Data Snippet: 3F 

[FLASH MEMORY]
  Offset: 0x07A67 - 0x07A67 (Len: 1 bytes)
  Data Snippet: 3F 

[FLASH MEMORY]
  Offset: 0x07A69 - 0x07A69 (Len: 1 bytes)
  Data Snippet: 3F 

[FLASH MEMORY]
  Offset: 0x07A6B - 0x07A6B (Len: 1 bytes)
  Data Snippet: 3F 

[FLASH MEMORY]
  Offset: 0x07A6D - 0x07A6D (Len: 1 bytes)
  Data Snippet: 3F 

[FLASH MEMORY]
  Offset: 0x07A6F - 0x07A6F (Len: 1 bytes)
  Data Snippet: 3F 

[FLASH MEMORY]
  Offset: 0x07A71 - 0x07A71 (Len: 1 bytes)
  Data Snippet: 3F 

[FLASH MEMORY]
  Offset: 0x07A73 - 0x07A73 (Len: 1 bytes)
  Data Snippet: 3F 

[FLASH MEMORY]
  Offset: 0x07A75 - 0x07A75 (Len: 1 bytes)
  Data Snippet: 3F 

[FLASH MEMORY]
  Offset: 0x07A77 - 0x07A77 (Len: 1 bytes)
  Data Snippet: 3F 

[FLASH MEMORY]
  Offset: 0x07A79 - 0x07A79 (Len: 1 bytes)
  Data Snippet: 3F 

[FLASH MEMORY]
  Offset: 0x07A7B - 0x07A7B (Len: 1 bytes)
  Data Snippet: 3F 

[FLASH MEMORY]
  Offset: 0x07A7D - 0x07A7D (Len: 1 bytes)
  Data Snippet: 3F 

[FLASH MEMORY]
  Offset: 0x07A7F - 0x07A7F (Len: 1 bytes)
  Data Snippet: 3F 

[FLASH MEMORY]
  Offset: 0x07A81 - 0x07A81 (Len: 1 bytes)
  Data Snippet: 3F 

[FLASH MEMORY]
  Offset: 0x07A83 - 0x07A83 (Len: 1 bytes)
  Data Snippet: 3F 

[FLASH MEMORY]
  Offset: 0x07A85 - 0x07A85 (Len: 1 bytes)
  Data Snippet: 3F 

[FLASH MEMORY]
  Offset: 0x07A87 - 0x07A87 (Len: 1 bytes)
  Data Snippet: 3F 

[FLASH MEMORY]
  Offset: 0x07A89 - 0x07A89 (Len: 1 bytes)
  Data Snippet: 3F 

[FLASH MEMORY]
  Offset: 0x07A8B - 0x07A8B (Len: 1 bytes)
  Data Snippet: 3F 

[FLASH MEMORY]
  Offset: 0x07A8D - 0x07A8D (Len: 1 bytes)
  Data Snippet: 3F 

[FLASH MEMORY]
  Offset: 0x07A8F - 0x07A8F (Len: 1 bytes)
  Data Snippet: 3F 

[FLASH MEMORY]
  Offset: 0x07A91 - 0x07A91 (Len: 1 bytes)
  Data Snippet: 3F 

[FLASH MEMORY]
  Offset: 0x07A93 - 0x07A93 (Len: 1 bytes)
  Data Snippet: 3F 

[FLASH MEMORY]
  Offset: 0x07A95 - 0x07A95 (Len: 1 bytes)
  Data Snippet: 3F 

[FLASH MEMORY]
  Offset: 0x07A97 - 0x07A97 (Len: 1 bytes)
  Data Snippet: 3F 

[FLASH MEMORY]
  Offset: 0x07A99 - 0x07A99 (Len: 1 bytes)
  Data Snippet: 3F 

[FLASH MEMORY]
  Offset: 0x07A9B - 0x07A9B (Len: 1 bytes)
  Data Snippet: 3F 

[FLASH MEMORY]
  Offset: 0x07A9D - 0x07A9D (Len: 1 bytes)
  Data Snippet: 3F 

[FLASH MEMORY]
  Offset: 0x07A9F - 0x07A9F (Len: 1 bytes)
  Data Snippet: 3F 

[FLASH MEMORY]
  Offset: 0x07AA1 - 0x07AA1 (Len: 1 bytes)
  Data Snippet: 3F 

[FLASH MEMORY]
  Offset: 0x07AA3 - 0x07AA3 (Len: 1 bytes)
  Data Snippet: 3F 

[FLASH MEMORY]
  Offset: 0x07AA5 - 0x07AA5 (Len: 1 bytes)
  Data Snippet: 3F 

[FLASH MEMORY]
  Offset: 0x07AA7 - 0x07AA7 (Len: 1 bytes)
  Data Snippet: 3F 

[FLASH MEMORY]
  Offset: 0x07AA9 - 0x07AA9 (Len: 1 bytes)
  Data Snippet: 3F 

[FLASH MEMORY]
  Offset: 0x07AAB - 0x07AAB (Len: 1 bytes)
  Data Snippet: 3F 

[FLASH MEMORY]
  Offset: 0x07AAD - 0x07AAD (Len: 1 bytes)
  Data Snippet: 3F 

[FLASH MEMORY]
  Offset: 0x07AAF - 0x07AAF (Len: 1 bytes)
  Data Snippet: 3F 

[FLASH MEMORY]
  Offset: 0x07AB1 - 0x07AB1 (Len: 1 bytes)
  Data Snippet: 3F 

[FLASH MEMORY]
  Offset: 0x07AB3 - 0x07AB3 (Len: 1 bytes)
  Data Snippet: 3F 

[FLASH MEMORY]
  Offset: 0x07AB5 - 0x07AB5 (Len: 1 bytes)
  Data Snippet: 3F 

[FLASH MEMORY]
  Offset: 0x07AB7 - 0x07AB7 (Len: 1 bytes)
  Data Snippet: 3F 

[FLASH MEMORY]
  Offset: 0x07AB9 - 0x07AB9 (Len: 1 bytes)
  Data Snippet: 3F 

[FLASH MEMORY]
  Offset: 0x07ABB - 0x07ABB (Len: 1 bytes)
  Data Snippet: 3F 

[FLASH MEMORY]
  Offset: 0x07ABD - 0x07ABD (Len: 1 bytes)
  Data Snippet: 3F 

[FLASH MEMORY]
  Offset: 0x07ABF - 0x07ABF (Len: 1 bytes)
  Data Snippet: 3F 

[FLASH MEMORY]
  Offset: 0x07AC1 - 0x07AC1 (Len: 1 bytes)
  Data Snippet: 3F 

[FLASH MEMORY]
  Offset: 0x07AC3 - 0x07AC3 (Len: 1 bytes)
  Data Snippet: 3F 

[FLASH MEMORY]
  Offset: 0x07AC5 - 0x07AC5 (Len: 1 bytes)
  Data Snippet: 3F 

[FLASH MEMORY]
  Offset: 0x07AC7 - 0x07AC7 (Len: 1 bytes)
  Data Snippet: 3F 

[FLASH MEMORY]
  Offset: 0x07AC9 - 0x07AC9 (Len: 1 bytes)
  Data Snippet: 3F 

[FLASH MEMORY]
  Offset: 0x07ACB - 0x07ACB (Len: 1 bytes)
  Data Snippet: 3F 

[FLASH MEMORY]
  Offset: 0x07ACD - 0x07ACD (Len: 1 bytes)
  Data Snippet: 3F 

[FLASH MEMORY]
  Offset: 0x07ACF - 0x07ACF (Len: 1 bytes)
  Data Snippet: 3F 

[FLASH MEMORY]
  Offset: 0x07AD1 - 0x07AD1 (Len: 1 bytes)
  Data Snippet: 3F 

[FLASH MEMORY]
  Offset: 0x07AD3 - 0x07AD3 (Len: 1 bytes)
  Data Snippet: 3F 

[FLASH MEMORY]
  Offset: 0x07AD5 - 0x07AD5 (Len: 1 bytes)
  Data Snippet: 3F 

[FLASH MEMORY]
  Offset: 0x07AD7 - 0x07AD7 (Len: 1 bytes)
  Data Snippet: 3F 

[FLASH MEMORY]
  Offset: 0x07AD9 - 0x07AD9 (Len: 1 bytes)
  Data Snippet: 3F 

[FLASH MEMORY]
  Offset: 0x07ADB - 0x07ADB (Len: 1 bytes)
  Data Snippet: 3F 

[FLASH MEMORY]
  Offset: 0x07ADD - 0x07ADD (Len: 1 bytes)
  Data Snippet: 3F 

[FLASH MEMORY]
  Offset: 0x07ADF - 0x07ADF (Len: 1 bytes)
  Data Snippet: 3F 

[FLASH MEMORY]
  Offset: 0x07AE1 - 0x07AE1 (Len: 1 bytes)
  Data Snippet: 3F 

[FLASH MEMORY]
  Offset: 0x07AE3 - 0x07AE3 (Len: 1 bytes)
  Data Snippet: 3F 

[FLASH MEMORY]
  Offset: 0x07AE5 - 0x07AE5 (Len: 1 bytes)
  Data Snippet: 3F 

[FLASH MEMORY]
  Offset: 0x07AE7 - 0x07AE7 (Len: 1 bytes)
  Data Snippet: 3F 

[FLASH MEMORY]
  Offset: 0x07AE9 - 0x07AE9 (Len: 1 bytes)
  Data Snippet: 3F 

[FLASH MEMORY]
  Offset: 0x07AEB - 0x07AEB (Len: 1 bytes)
  Data Snippet: 3F 

[FLASH MEMORY]
  Offset: 0x07AED - 0x07AED (Len: 1 bytes)
  Data Snippet: 3F 

[FLASH MEMORY]
  Offset: 0x07AEF - 0x07AEF (Len: 1 bytes)
  Data Snippet: 3F 

[FLASH MEMORY]
  Offset: 0x07AF1 - 0x07AF1 (Len: 1 bytes)
  Data Snippet: 3F 

[FLASH MEMORY]
  Offset: 0x07AF3 - 0x07AF3 (Len: 1 bytes)
  Data Snippet: 3F 

[FLASH MEMORY]
  Offset: 0x07AF5 - 0x07AF5 (Len: 1 bytes)
  Data Snippet: 3F 

[FLASH MEMORY]
  Offset: 0x07AF7 - 0x07AF7 (Len: 1 bytes)
  Data Snippet: 3F 

[FLASH MEMORY]
  Offset: 0x07AF9 - 0x07AF9 (Len: 1 bytes)
  Data Snippet: 3F 

[FLASH MEMORY]
  Offset: 0x07AFB - 0x07AFB (Len: 1 bytes)
  Data Snippet: 3F 

[FLASH MEMORY]
  Offset: 0x07AFD - 0x07AFD (Len: 1 bytes)
  Data Snippet: 3F 

[FLASH MEMORY]
  Offset: 0x07AFF - 0x07AFF (Len: 1 bytes)
  Data Snippet: 3F 

[FLASH MEMORY]
  Offset: 0x07B01 - 0x07B01 (Len: 1 bytes)
  Data Snippet: 3F 

[FLASH MEMORY]
  Offset: 0x07B03 - 0x07B03 (Len: 1 bytes)
  Data Snippet: 3F 

[FLASH MEMORY]
  Offset: 0x07B05 - 0x07B05 (Len: 1 bytes)
  Data Snippet: 3F 

[FLASH MEMORY]
  Offset: 0x07B07 - 0x07B07 (Len: 1 bytes)
  Data Snippet: 3F 

[FLASH MEMORY]
  Offset: 0x07B09 - 0x07B09 (Len: 1 bytes)
  Data Snippet: 3F 

[FLASH MEMORY]
  Offset: 0x07B0B - 0x07B0B (Len: 1 bytes)
  Data Snippet: 3F 

[FLASH MEMORY]
  Offset: 0x07B0D - 0x07B0D (Len: 1 bytes)
  Data Snippet: 3F 

[FLASH MEMORY]
  Offset: 0x07B0F - 0x07B0F (Len: 1 bytes)
  Data Snippet: 3F 

[FLASH MEMORY]
  Offset: 0x07B11 - 0x07B11 (Len: 1 bytes)
  Data Snippet: 3F 

[FLASH MEMORY]
  Offset: 0x07B13 - 0x07B13 (Len: 1 bytes)
  Data Snippet: 3F 

[FLASH MEMORY]
  Offset: 0x07B15 - 0x07B15 (Len: 1 bytes)
  Data Snippet: 3F 

[FLASH MEMORY]
  Offset: 0x07B17 - 0x07B17 (Len: 1 bytes)
  Data Snippet: 3F 

[FLASH MEMORY]
  Offset: 0x07B19 - 0x07B19 (Len: 1 bytes)
  Data Snippet: 3F 

[FLASH MEMORY]
  Offset: 0x07B1B - 0x07B1B (Len: 1 bytes)
  Data Snippet: 3F 

[FLASH MEMORY]
  Offset: 0x07B1D - 0x07B1D (Len: 1 bytes)
  Data Snippet: 3F 

[FLASH MEMORY]
  Offset: 0x07B1F - 0x07B1F (Len: 1 bytes)
  Data Snippet: 3F 

[FLASH MEMORY]
  Offset: 0x07B21 - 0x07B21 (Len: 1 bytes)
  Data Snippet: 3F 

[FLASH MEMORY]
  Offset: 0x07B23 - 0x07B23 (Len: 1 bytes)
  Data Snippet: 3F 

[FLASH MEMORY]
  Offset: 0x07B25 - 0x07B25 (Len: 1 bytes)
  Data Snippet: 3F 

[FLASH MEMORY]
  Offset: 0x07B27 - 0x07B27 (Len: 1 bytes)
  Data Snippet: 3F 

[FLASH MEMORY]
  Offset: 0x07B29 - 0x07B29 (Len: 1 bytes)
  Data Snippet: 3F 

[FLASH MEMORY]
  Offset: 0x07B2B - 0x07B2B (Len: 1 bytes)
  Data Snippet: 3F 

[FLASH MEMORY]
  Offset: 0x07B2D - 0x07B2D (Len: 1 bytes)
  Data Snippet: 3F 

[FLASH MEMORY]
  Offset: 0x07B2F - 0x07B2F (Len: 1 bytes)
  Data Snippet: 3F 

[FLASH MEMORY]
  Offset: 0x07B31 - 0x07B31 (Len: 1 bytes)
  Data Snippet: 3F 

[FLASH MEMORY]
  Offset: 0x07B33 - 0x07B33 (Len: 1 bytes)
  Data Snippet: 3F 

[FLASH MEMORY]
  Offset: 0x07B35 - 0x07B35 (Len: 1 bytes)
  Data Snippet: 3F 

[FLASH MEMORY]
  Offset: 0x07B37 - 0x07B37 (Len: 1 bytes)
  Data Snippet: 3F 

[FLASH MEMORY]
  Offset: 0x07B39 - 0x07B39 (Len: 1 bytes)
  Data Snippet: 3F 

[FLASH MEMORY]
  Offset: 0x07B3B - 0x07B3B (Len: 1 bytes)
  Data Snippet: 3F 

[FLASH MEMORY]
  Offset: 0x07B3D - 0x07B3D (Len: 1 bytes)
  Data Snippet: 3F 

[FLASH MEMORY]
  Offset: 0x07B3F - 0x07B3F (Len: 1 bytes)
  Data Snippet: 3F 

[FLASH MEMORY]
  Offset: 0x07B41 - 0x07B41 (Len: 1 bytes)
  Data Snippet: 3F 

[FLASH MEMORY]
  Offset: 0x07B43 - 0x07B43 (Len: 1 bytes)
  Data Snippet: 3F 

[FLASH MEMORY]
  Offset: 0x07B45 - 0x07B45 (Len: 1 bytes)
  Data Snippet: 3F 

[FLASH MEMORY]
  Offset: 0x07B47 - 0x07B47 (Len: 1 bytes)
  Data Snippet: 3F 

[FLASH MEMORY]
  Offset: 0x07B49 - 0x07B49 (Len: 1 bytes)
  Data Snippet: 3F 

[FLASH MEMORY]
  Offset: 0x07B4B - 0x07B4B (Len: 1 bytes)
  Data Snippet: 3F 

[FLASH MEMORY]
  Offset: 0x07B4D - 0x07B4D (Len: 1 bytes)
  Data Snippet: 3F 

[FLASH MEMORY]
  Offset: 0x07B4F - 0x07B4F (Len: 1 bytes)
  Data Snippet: 3F 

[FLASH MEMORY]
  Offset: 0x07B51 - 0x07B51 (Len: 1 bytes)
  Data Snippet: 3F 

[FLASH MEMORY]
  Offset: 0x07B53 - 0x07B53 (Len: 1 bytes)
  Data Snippet: 3F 

[FLASH MEMORY]
  Offset: 0x07B55 - 0x07B55 (Len: 1 bytes)
  Data Snippet: 3F 

[FLASH MEMORY]
  Offset: 0x07B57 - 0x07B57 (Len: 1 bytes)
  Data Snippet: 3F 

[FLASH MEMORY]
  Offset: 0x07B59 - 0x07B59 (Len: 1 bytes)
  Data Snippet: 3F 

[FLASH MEMORY]
  Offset: 0x07B5B - 0x07B5B (Len: 1 bytes)
  Data Snippet: 3F 

[FLASH MEMORY]
  Offset: 0x07B5D - 0x07B5D (Len: 1 bytes)
  Data Snippet: 3F 

[FLASH MEMORY]
  Offset: 0x07B5F - 0x07B5F (Len: 1 bytes)
  Data Snippet: 3F 

[FLASH MEMORY]
  Offset: 0x07B61 - 0x07B61 (Len: 1 bytes)
  Data Snippet: 3F 

[FLASH MEMORY]
  Offset: 0x07B63 - 0x07B63 (Len: 1 bytes)
  Data Snippet: 3F 

[FLASH MEMORY]
  Offset: 0x07B65 - 0x07B65 (Len: 1 bytes)
  Data Snippet: 3F 

[FLASH MEMORY]
  Offset: 0x07B67 - 0x07B67 (Len: 1 bytes)
  Data Snippet: 3F 

[FLASH MEMORY]
  Offset: 0x07B69 - 0x07B69 (Len: 1 bytes)
  Data Snippet: 3F 

[FLASH MEMORY]
  Offset: 0x07B6B - 0x07B6B (Len: 1 bytes)
  Data Snippet: 3F 

[FLASH MEMORY]
  Offset: 0x07B6D - 0x07B6D (Len: 1 bytes)
  Data Snippet: 3F 

[FLASH MEMORY]
  Offset: 0x07B6F - 0x07B6F (Len: 1 bytes)
  Data Snippet: 3F 

[FLASH MEMORY]
  Offset: 0x07B71 - 0x07B71 (Len: 1 bytes)
  Data Snippet: 3F 

[FLASH MEMORY]
  Offset: 0x07B73 - 0x07B73 (Len: 1 bytes)
  Data Snippet: 3F 

[FLASH MEMORY]
  Offset: 0x07B75 - 0x07B75 (Len: 1 bytes)
  Data Snippet: 3F 

[FLASH MEMORY]
  Offset: 0x07B77 - 0x07B77 (Len: 1 bytes)
  Data Snippet: 3F 

[FLASH MEMORY]
  Offset: 0x07B79 - 0x07B79 (Len: 1 bytes)
  Data Snippet: 3F 

[FLASH MEMORY]
  Offset: 0x07B7B - 0x07B7B (Len: 1 bytes)
  Data Snippet: 3F 

[FLASH MEMORY]
  Offset: 0x07B7D - 0x07B7D (Len: 1 bytes)
  Data Snippet: 3F 

[FLASH MEMORY]
  Offset: 0x07B7F - 0x07B7F (Len: 1 bytes)
  Data Snippet: 3F 

[FLASH MEMORY]
  Offset: 0x07B81 - 0x07B81 (Len: 1 bytes)
  Data Snippet: 3F 

[FLASH MEMORY]
  Offset: 0x07B83 - 0x07B83 (Len: 1 bytes)
  Data Snippet: 3F 

[FLASH MEMORY]
  Offset: 0x07B85 - 0x07B85 (Len: 1 bytes)
  Data Snippet: 3F 

[FLASH MEMORY]
  Offset: 0x07B87 - 0x07B87 (Len: 1 bytes)
  Data Snippet: 3F 

[FLASH MEMORY]
  Offset: 0x07B89 - 0x07B89 (Len: 1 bytes)
  Data Snippet: 3F 

[FLASH MEMORY]
  Offset: 0x07B8B - 0x07B8B (Len: 1 bytes)
  Data Snippet: 3F 

[FLASH MEMORY]
  Offset: 0x07B8D - 0x07B8D (Len: 1 bytes)
  Data Snippet: 3F 

[FLASH MEMORY]
  Offset: 0x07B8F - 0x07B8F (Len: 1 bytes)
  Data Snippet: 3F 

[FLASH MEMORY]
  Offset: 0x07B91 - 0x07B91 (Len: 1 bytes)
  Data Snippet: 3F 

[FLASH MEMORY]
  Offset: 0x07B93 - 0x07B93 (Len: 1 bytes)
  Data Snippet: 3F 

[FLASH MEMORY]
  Offset: 0x07B95 - 0x07B95 (Len: 1 bytes)
  Data Snippet: 3F 

[FLASH MEMORY]
  Offset: 0x07B97 - 0x07B97 (Len: 1 bytes)
  Data Snippet: 3F 

[FLASH MEMORY]
  Offset: 0x07B99 - 0x07B99 (Len: 1 bytes)
  Data Snippet: 3F 

[FLASH MEMORY]
  Offset: 0x07B9B - 0x07B9B (Len: 1 bytes)
  Data Snippet: 3F 

[FLASH MEMORY]
  Offset: 0x07B9D - 0x07B9D (Len: 1 bytes)
  Data Snippet: 3F 

[FLASH MEMORY]
  Offset: 0x07B9F - 0x07B9F (Len: 1 bytes)
  Data Snippet: 3F 

[FLASH MEMORY]
  Offset: 0x07BA1 - 0x07BA1 (Len: 1 bytes)
  Data Snippet: 3F 

[FLASH MEMORY]
  Offset: 0x07BA3 - 0x07BA3 (Len: 1 bytes)
  Data Snippet: 3F 

[FLASH MEMORY]
  Offset: 0x07BA5 - 0x07BA5 (Len: 1 bytes)
  Data Snippet: 3F 

[FLASH MEMORY]
  Offset: 0x07BA7 - 0x07BA7 (Len: 1 bytes)
  Data Snippet: 3F 

[FLASH MEMORY]
  Offset: 0x07BA9 - 0x07BA9 (Len: 1 bytes)
  Data Snippet: 3F 

[FLASH MEMORY]
  Offset: 0x07BAB - 0x07BAB (Len: 1 bytes)
  Data Snippet: 3F 

[FLASH MEMORY]
  Offset: 0x07BAD - 0x07BAD (Len: 1 bytes)
  Data Snippet: 3F 

[FLASH MEMORY]
  Offset: 0x07BAF - 0x07BAF (Len: 1 bytes)
  Data Snippet: 3F 

[FLASH MEMORY]
  Offset: 0x07BB1 - 0x07BB1 (Len: 1 bytes)
  Data Snippet: 3F 

[FLASH MEMORY]
  Offset: 0x07BB3 - 0x07BB3 (Len: 1 bytes)
  Data Snippet: 3F 

[FLASH MEMORY]
  Offset: 0x07BB5 - 0x07BB5 (Len: 1 bytes)
  Data Snippet: 3F 

[FLASH MEMORY]
  Offset: 0x07BB7 - 0x07BB7 (Len: 1 bytes)
  Data Snippet: 3F 

[FLASH MEMORY]
  Offset: 0x07BB9 - 0x07BB9 (Len: 1 bytes)
  Data Snippet: 3F 

[FLASH MEMORY]
  Offset: 0x07BBB - 0x07BBB (Len: 1 bytes)
  Data Snippet: 3F 

[FLASH MEMORY]
  Offset: 0x07BBD - 0x07BBD (Len: 1 bytes)
  Data Snippet: 3F 

[FLASH MEMORY]
  Offset: 0x07BBF - 0x07BBF (Len: 1 bytes)
  Data Snippet: 3F 

[FLASH MEMORY]
  Offset: 0x07BC1 - 0x07BC1 (Len: 1 bytes)
  Data Snippet: 3F 

[FLASH MEMORY]
  Offset: 0x07BC3 - 0x07BC3 (Len: 1 bytes)
  Data Snippet: 3F 

[FLASH MEMORY]
  Offset: 0x07BC5 - 0x07BC5 (Len: 1 bytes)
  Data Snippet: 3F 

[FLASH MEMORY]
  Offset: 0x07BC7 - 0x07BC7 (Len: 1 bytes)
  Data Snippet: 3F 

[FLASH MEMORY]
  Offset: 0x07BC9 - 0x07BC9 (Len: 1 bytes)
  Data Snippet: 3F 

[FLASH MEMORY]
  Offset: 0x07BCB - 0x07BCB (Len: 1 bytes)
  Data Snippet: 3F 

[FLASH MEMORY]
  Offset: 0x07BCD - 0x07BCD (Len: 1 bytes)
  Data Snippet: 3F 

[FLASH MEMORY]
  Offset: 0x07BCF - 0x07BCF (Len: 1 bytes)
  Data Snippet: 3F 

[FLASH MEMORY]
  Offset: 0x07BD1 - 0x07BD1 (Len: 1 bytes)
  Data Snippet: 3F 

[FLASH MEMORY]
  Offset: 0x07BD3 - 0x07BD3 (Len: 1 bytes)
  Data Snippet: 3F 

[FLASH MEMORY]
  Offset: 0x07BD5 - 0x07BD5 (Len: 1 bytes)
  Data Snippet: 3F 

[FLASH MEMORY]
  Offset: 0x07BD7 - 0x07BD7 (Len: 1 bytes)
  Data Snippet: 3F 

[FLASH MEMORY]
  Offset: 0x07BD9 - 0x07BD9 (Len: 1 bytes)
  Data Snippet: 3F 

[FLASH MEMORY]
  Offset: 0x07BDB - 0x07BDB (Len: 1 bytes)
  Data Snippet: 3F 

[FLASH MEMORY]
  Offset: 0x07BDD - 0x07BDD (Len: 1 bytes)
  Data Snippet: 3F 

[FLASH MEMORY]
  Offset: 0x07BDF - 0x07BDF (Len: 1 bytes)
  Data Snippet: 3F 

[FLASH MEMORY]
  Offset: 0x07BE1 - 0x07BE1 (Len: 1 bytes)
  Data Snippet: 3F 

[FLASH MEMORY]
  Offset: 0x07BE3 - 0x07BE3 (Len: 1 bytes)
  Data Snippet: 3F 

[FLASH MEMORY]
  Offset: 0x07BE5 - 0x07BE5 (Len: 1 bytes)
  Data Snippet: 3F 

[FLASH MEMORY]
  Offset: 0x07BE7 - 0x07BE7 (Len: 1 bytes)
  Data Snippet: 3F 

[FLASH MEMORY]
  Offset: 0x07BE9 - 0x07BE9 (Len: 1 bytes)
  Data Snippet: 3F 

[FLASH MEMORY]
  Offset: 0x07BEB - 0x07BEB (Len: 1 bytes)
  Data Snippet: 3F 

[FLASH MEMORY]
  Offset: 0x07BED - 0x07BED (Len: 1 bytes)
  Data Snippet: 3F 

[FLASH MEMORY]
  Offset: 0x07BEF - 0x07BEF (Len: 1 bytes)
  Data Snippet: 3F 

[FLASH MEMORY]
  Offset: 0x07BF1 - 0x07BF1 (Len: 1 bytes)
  Data Snippet: 3F 

[FLASH MEMORY]
  Offset: 0x07BF3 - 0x07BF3 (Len: 1 bytes)
  Data Snippet: 3F 

[FLASH MEMORY]
  Offset: 0x07BF5 - 0x07BF5 (Len: 1 bytes)
  Data Snippet: 3F 

[FLASH MEMORY]
  Offset: 0x07BF7 - 0x07BF7 (Len: 1 bytes)
  Data Snippet: 3F 

[FLASH MEMORY]
  Offset: 0x07BF9 - 0x07BF9 (Len: 1 bytes)
  Data Snippet: 3F 

[FLASH MEMORY]
  Offset: 0x07BFB - 0x07BFB (Len: 1 bytes)
  Data Snippet: 3F 

[FLASH MEMORY]
  Offset: 0x07BFD - 0x07BFD (Len: 1 bytes)
  Data Snippet: 3F 

[FLASH MEMORY]
  Offset: 0x07BFF - 0x07BFF (Len: 1 bytes)
  Data Snippet: 3F 

[FLASH MEMORY]
  Offset: 0x07C01 - 0x07C01 (Len: 1 bytes)
  Data Snippet: 3F 

[FLASH MEMORY]
  Offset: 0x07C03 - 0x07C03 (Len: 1 bytes)
  Data Snippet: 3F 

[FLASH MEMORY]
  Offset: 0x07C05 - 0x07C05 (Len: 1 bytes)
  Data Snippet: 3F 

[FLASH MEMORY]
  Offset: 0x07C07 - 0x07C07 (Len: 1 bytes)
  Data Snippet: 3F 

[FLASH MEMORY]
  Offset: 0x07C09 - 0x07C09 (Len: 1 bytes)
  Data Snippet: 3F 

[FLASH MEMORY]
  Offset: 0x07C0B - 0x07C0B (Len: 1 bytes)
  Data Snippet: 3F 

[FLASH MEMORY]
  Offset: 0x07C0D - 0x07C0D (Len: 1 bytes)
  Data Snippet: 3F 

[FLASH MEMORY]
  Offset: 0x07C0F - 0x07C0F (Len: 1 bytes)
  Data Snippet: 3F 

[FLASH MEMORY]
  Offset: 0x07C11 - 0x07C11 (Len: 1 bytes)
  Data Snippet: 3F 

[FLASH MEMORY]
  Offset: 0x07C13 - 0x07C13 (Len: 1 bytes)
  Data Snippet: 3F 

[FLASH MEMORY]
  Offset: 0x07C15 - 0x07C15 (Len: 1 bytes)
  Data Snippet: 3F 

[FLASH MEMORY]
  Offset: 0x07C17 - 0x07C17 (Len: 1 bytes)
  Data Snippet: 3F 

[FLASH MEMORY]
  Offset: 0x07C19 - 0x07C19 (Len: 1 bytes)
  Data Snippet: 3F 

[FLASH MEMORY]
  Offset: 0x07C1B - 0x07C1B (Len: 1 bytes)
  Data Snippet: 3F 

[FLASH MEMORY]
  Offset: 0x07C1D - 0x07C1D (Len: 1 bytes)
  Data Snippet: 3F 

[FLASH MEMORY]
  Offset: 0x07C1F - 0x07C1F (Len: 1 bytes)
  Data Snippet: 3F 

[FLASH MEMORY]
  Offset: 0x07C21 - 0x07C21 (Len: 1 bytes)
  Data Snippet: 3F 

[FLASH MEMORY]
  Offset: 0x07C23 - 0x07C23 (Len: 1 bytes)
  Data Snippet: 3F 

[FLASH MEMORY]
  Offset: 0x07C25 - 0x07C25 (Len: 1 bytes)
  Data Snippet: 3F 

[FLASH MEMORY]
  Offset: 0x07C27 - 0x07C27 (Len: 1 bytes)
  Data Snippet: 3F 

[FLASH MEMORY]
  Offset: 0x07C29 - 0x07C29 (Len: 1 bytes)
  Data Snippet: 3F 

[FLASH MEMORY]
  Offset: 0x07C2B - 0x07C2B (Len: 1 bytes)
  Data Snippet: 3F 

[FLASH MEMORY]
  Offset: 0x07C2D - 0x07C2D (Len: 1 bytes)
  Data Snippet: 3F 

[FLASH MEMORY]
  Offset: 0x07C2F - 0x07C2F (Len: 1 bytes)
  Data Snippet: 3F 

[FLASH MEMORY]
  Offset: 0x07C31 - 0x07C31 (Len: 1 bytes)
  Data Snippet: 3F 

[FLASH MEMORY]
  Offset: 0x07C33 - 0x07C33 (Len: 1 bytes)
  Data Snippet: 3F 

[FLASH MEMORY]
  Offset: 0x07C35 - 0x07C35 (Len: 1 bytes)
  Data Snippet: 3F 

[FLASH MEMORY]
  Offset: 0x07C37 - 0x07C37 (Len: 1 bytes)
  Data Snippet: 3F 

[FLASH MEMORY]
  Offset: 0x07C39 - 0x07C39 (Len: 1 bytes)
  Data Snippet: 3F 

[FLASH MEMORY]
  Offset: 0x07C3B - 0x07C3B (Len: 1 bytes)
  Data Snippet: 3F 

[FLASH MEMORY]
  Offset: 0x07C3D - 0x07C3D (Len: 1 bytes)
  Data Snippet: 3F 

[FLASH MEMORY]
  Offset: 0x07C3F - 0x07C3F (Len: 1 bytes)
  Data Snippet: 3F 

[FLASH MEMORY]
  Offset: 0x07C41 - 0x07C41 (Len: 1 bytes)
  Data Snippet: 3F 

[FLASH MEMORY]
  Offset: 0x07C43 - 0x07C43 (Len: 1 bytes)
  Data Snippet: 3F 

[FLASH MEMORY]
  Offset: 0x07C45 - 0x07C45 (Len: 1 bytes)
  Data Snippet: 3F 

[FLASH MEMORY]
  Offset: 0x07C47 - 0x07C47 (Len: 1 bytes)
  Data Snippet: 3F 

[FLASH MEMORY]
  Offset: 0x07C49 - 0x07C49 (Len: 1 bytes)
  Data Snippet: 3F 

[FLASH MEMORY]
  Offset: 0x07C4B - 0x07C4B (Len: 1 bytes)
  Data Snippet: 3F 

[FLASH MEMORY]
  Offset: 0x07C4D - 0x07C4D (Len: 1 bytes)
  Data Snippet: 3F 

[FLASH MEMORY]
  Offset: 0x07C4F - 0x07C4F (Len: 1 bytes)
  Data Snippet: 3F 

[FLASH MEMORY]
  Offset: 0x07C51 - 0x07C51 (Len: 1 bytes)
  Data Snippet: 3F 

[FLASH MEMORY]
  Offset: 0x07C53 - 0x07C53 (Len: 1 bytes)
  Data Snippet: 3F 

[FLASH MEMORY]
  Offset: 0x07C55 - 0x07C55 (Len: 1 bytes)
  Data Snippet: 3F 

[FLASH MEMORY]
  Offset: 0x07C57 - 0x07C57 (Len: 1 bytes)
  Data Snippet: 3F 

[FLASH MEMORY]
  Offset: 0x07C59 - 0x07C59 (Len: 1 bytes)
  Data Snippet: 3F 

[FLASH MEMORY]
  Offset: 0x07C5B - 0x07C5B (Len: 1 bytes)
  Data Snippet: 3F 

[FLASH MEMORY]
  Offset: 0x07C5D - 0x07C5D (Len: 1 bytes)
  Data Snippet: 3F 

[FLASH MEMORY]
  Offset: 0x07C5F - 0x07C5F (Len: 1 bytes)
  Data Snippet: 3F 

[FLASH MEMORY]
  Offset: 0x07C61 - 0x07C61 (Len: 1 bytes)
  Data Snippet: 3F 

[FLASH MEMORY]
  Offset: 0x07C63 - 0x07C63 (Len: 1 bytes)
  Data Snippet: 3F 

[FLASH MEMORY]
  Offset: 0x07C65 - 0x07C65 (Len: 1 bytes)
  Data Snippet: 3F 

[FLASH MEMORY]
  Offset: 0x07C67 - 0x07C67 (Len: 1 bytes)
  Data Snippet: 3F 

[FLASH MEMORY]
  Offset: 0x07C69 - 0x07C69 (Len: 1 bytes)
  Data Snippet: 3F 

[FLASH MEMORY]
  Offset: 0x07C6B - 0x07C6B (Len: 1 bytes)
  Data Snippet: 3F 

[FLASH MEMORY]
  Offset: 0x07C6D - 0x07C6D (Len: 1 bytes)
  Data Snippet: 3F 

[FLASH MEMORY]
  Offset: 0x07C6F - 0x07C6F (Len: 1 bytes)
  Data Snippet: 3F 

[FLASH MEMORY]
  Offset: 0x07C71 - 0x07C71 (Len: 1 bytes)
  Data Snippet: 3F 

[FLASH MEMORY]
  Offset: 0x07C73 - 0x07C73 (Len: 1 bytes)
  Data Snippet: 3F 

[FLASH MEMORY]
  Offset: 0x07C75 - 0x07C75 (Len: 1 bytes)
  Data Snippet: 3F 

[FLASH MEMORY]
  Offset: 0x07C77 - 0x07C77 (Len: 1 bytes)
  Data Snippet: 3F 

[FLASH MEMORY]
  Offset: 0x07C79 - 0x07C79 (Len: 1 bytes)
  Data Snippet: 3F 

[FLASH MEMORY]
  Offset: 0x07C7B - 0x07C7B (Len: 1 bytes)
  Data Snippet: 3F 

[FLASH MEMORY]
  Offset: 0x07C7D - 0x07C7D (Len: 1 bytes)
  Data Snippet: 3F 

[FLASH MEMORY]
  Offset: 0x07C7F - 0x07C7F (Len: 1 bytes)
  Data Snippet: 3F 

[FLASH MEMORY]
  Offset: 0x07C81 - 0x07C81 (Len: 1 bytes)
  Data Snippet: 3F 

[FLASH MEMORY]
  Offset: 0x07C83 - 0x07C83 (Len: 1 bytes)
  Data Snippet: 3F 

[FLASH MEMORY]
  Offset: 0x07C85 - 0x07C85 (Len: 1 bytes)
  Data Snippet: 3F 

[FLASH MEMORY]
  Offset: 0x07C87 - 0x07C87 (Len: 1 bytes)
  Data Snippet: 3F 

[FLASH MEMORY]
  Offset: 0x07C89 - 0x07C89 (Len: 1 bytes)
  Data Snippet: 3F 

[FLASH MEMORY]
  Offset: 0x07C8B - 0x07C8B (Len: 1 bytes)
  Data Snippet: 3F 

[FLASH MEMORY]
  Offset: 0x07C8D - 0x07C8D (Len: 1 bytes)
  Data Snippet: 3F 

[FLASH MEMORY]
  Offset: 0x07C8F - 0x07C8F (Len: 1 bytes)
  Data Snippet: 3F 

[FLASH MEMORY]
  Offset: 0x07C91 - 0x07C91 (Len: 1 bytes)
  Data Snippet: 3F 

[FLASH MEMORY]
  Offset: 0x07C93 - 0x07C93 (Len: 1 bytes)
  Data Snippet: 3F 

[FLASH MEMORY]
  Offset: 0x07C95 - 0x07C95 (Len: 1 bytes)
  Data Snippet: 3F 

[FLASH MEMORY]
  Offset: 0x07C97 - 0x07C97 (Len: 1 bytes)
  Data Snippet: 3F 

[FLASH MEMORY]
  Offset: 0x07C99 - 0x07C99 (Len: 1 bytes)
  Data Snippet: 3F 

[FLASH MEMORY]
  Offset: 0x07C9B - 0x07C9B (Len: 1 bytes)
  Data Snippet: 3F 

[FLASH MEMORY]
  Offset: 0x07C9D - 0x07C9D (Len: 1 bytes)
  Data Snippet: 3F 

[FLASH MEMORY]
  Offset: 0x07C9F - 0x07C9F (Len: 1 bytes)
  Data Snippet: 3F 

[FLASH MEMORY]
  Offset: 0x07CA1 - 0x07CA1 (Len: 1 bytes)
  Data Snippet: 3F 

[FLASH MEMORY]
  Offset: 0x07CA3 - 0x07CA3 (Len: 1 bytes)
  Data Snippet: 3F 

[FLASH MEMORY]
  Offset: 0x07CA5 - 0x07CA5 (Len: 1 bytes)
  Data Snippet: 3F 

[FLASH MEMORY]
  Offset: 0x07CA7 - 0x07CA7 (Len: 1 bytes)
  Data Snippet: 3F 

[FLASH MEMORY]
  Offset: 0x07CA9 - 0x07CA9 (Len: 1 bytes)
  Data Snippet: 3F 

[FLASH MEMORY]
  Offset: 0x07CAB - 0x07CAB (Len: 1 bytes)
  Data Snippet: 3F 

[FLASH MEMORY]
  Offset: 0x07CAD - 0x07CAD (Len: 1 bytes)
  Data Snippet: 3F 

[FLASH MEMORY]
  Offset: 0x07CAF - 0x07CAF (Len: 1 bytes)
  Data Snippet: 3F 

[FLASH MEMORY]
  Offset: 0x07CB1 - 0x07CB1 (Len: 1 bytes)
  Data Snippet: 3F 

[FLASH MEMORY]
  Offset: 0x07CB3 - 0x07CB3 (Len: 1 bytes)
  Data Snippet: 3F 

[FLASH MEMORY]
  Offset: 0x07CB5 - 0x07CB5 (Len: 1 bytes)
  Data Snippet: 3F 

[FLASH MEMORY]
  Offset: 0x07CB7 - 0x07CB7 (Len: 1 bytes)
  Data Snippet: 3F 

[FLASH MEMORY]
  Offset: 0x07CB9 - 0x07CB9 (Len: 1 bytes)
  Data Snippet: 3F 

[FLASH MEMORY]
  Offset: 0x07CBB - 0x07CBB (Len: 1 bytes)
  Data Snippet: 3F 

[FLASH MEMORY]
  Offset: 0x07CBD - 0x07CBD (Len: 1 bytes)
  Data Snippet: 3F 

[FLASH MEMORY]
  Offset: 0x07CBF - 0x07CBF (Len: 1 bytes)
  Data Snippet: 3F 

[FLASH MEMORY]
  Offset: 0x07CC1 - 0x07CC1 (Len: 1 bytes)
  Data Snippet: 3F 

[FLASH MEMORY]
  Offset: 0x07CC3 - 0x07CC3 (Len: 1 bytes)
  Data Snippet: 3F 

[FLASH MEMORY]
  Offset: 0x07CC5 - 0x07CC5 (Len: 1 bytes)
  Data Snippet: 3F 

[FLASH MEMORY]
  Offset: 0x07CC7 - 0x07CC7 (Len: 1 bytes)
  Data Snippet: 3F 

[FLASH MEMORY]
  Offset: 0x07CC9 - 0x07CC9 (Len: 1 bytes)
  Data Snippet: 3F 

[FLASH MEMORY]
  Offset: 0x07CCB - 0x07CCB (Len: 1 bytes)
  Data Snippet: 3F 

[FLASH MEMORY]
  Offset: 0x07CCD - 0x07CCD (Len: 1 bytes)
  Data Snippet: 3F 

[FLASH MEMORY]
  Offset: 0x07CCF - 0x07CCF (Len: 1 bytes)
  Data Snippet: 3F 

[FLASH MEMORY]
  Offset: 0x07CD1 - 0x07CD1 (Len: 1 bytes)
  Data Snippet: 3F 

[FLASH MEMORY]
  Offset: 0x07CD3 - 0x07CD3 (Len: 1 bytes)
  Data Snippet: 3F 

[FLASH MEMORY]
  Offset: 0x07CD5 - 0x07CD5 (Len: 1 bytes)
  Data Snippet: 3F 

[FLASH MEMORY]
  Offset: 0x07CD7 - 0x07CD7 (Len: 1 bytes)
  Data Snippet: 3F 

[FLASH MEMORY]
  Offset: 0x07CD9 - 0x07CD9 (Len: 1 bytes)
  Data Snippet: 3F 

[FLASH MEMORY]
  Offset: 0x07CDB - 0x07CDB (Len: 1 bytes)
  Data Snippet: 3F 

[FLASH MEMORY]
  Offset: 0x07CDD - 0x07CDD (Len: 1 bytes)
  Data Snippet: 3F 

[FLASH MEMORY]
  Offset: 0x07CDF - 0x07CDF (Len: 1 bytes)
  Data Snippet: 3F 

[FLASH MEMORY]
  Offset: 0x07CE1 - 0x07CE1 (Len: 1 bytes)
  Data Snippet: 3F 

[FLASH MEMORY]
  Offset: 0x07CE3 - 0x07CE3 (Len: 1 bytes)
  Data Snippet: 3F 

[FLASH MEMORY]
  Offset: 0x07CE5 - 0x07CE5 (Len: 1 bytes)
  Data Snippet: 3F 

[FLASH MEMORY]
  Offset: 0x07CE7 - 0x07CE7 (Len: 1 bytes)
  Data Snippet: 3F 

[FLASH MEMORY]
  Offset: 0x07CE9 - 0x07CE9 (Len: 1 bytes)
  Data Snippet: 3F 

[FLASH MEMORY]
  Offset: 0x07CEB - 0x07CEB (Len: 1 bytes)
  Data Snippet: 3F 

[FLASH MEMORY]
  Offset: 0x07CED - 0x07CED (Len: 1 bytes)
  Data Snippet: 3F 

[FLASH MEMORY]
  Offset: 0x07CEF - 0x07CEF (Len: 1 bytes)
  Data Snippet: 3F 

[FLASH MEMORY]
  Offset: 0x07CF1 - 0x07CF1 (Len: 1 bytes)
  Data Snippet: 3F 

[FLASH MEMORY]
  Offset: 0x07CF3 - 0x07CF3 (Len: 1 bytes)
  Data Snippet: 3F 

[FLASH MEMORY]
  Offset: 0x07CF5 - 0x07CF5 (Len: 1 bytes)
  Data Snippet: 3F 

[FLASH MEMORY]
  Offset: 0x07CF7 - 0x07CF7 (Len: 1 bytes)
  Data Snippet: 3F 

[FLASH MEMORY]
  Offset: 0x07CF9 - 0x07CF9 (Len: 1 bytes)
  Data Snippet: 3F 

[FLASH MEMORY]
  Offset: 0x07CFB - 0x07CFB (Len: 1 bytes)
  Data Snippet: 3F 

[FLASH MEMORY]
  Offset: 0x07CFD - 0x07CFD (Len: 1 bytes)
  Data Snippet: 3F 

[FLASH MEMORY]
  Offset: 0x07CFF - 0x07CFF (Len: 1 bytes)
  Data Snippet: 3F 

[FLASH MEMORY]
  Offset: 0x07D01 - 0x07D01 (Len: 1 bytes)
  Data Snippet: 3F 

[FLASH MEMORY]
  Offset: 0x07D03 - 0x07D03 (Len: 1 bytes)
  Data Snippet: 3F 

[FLASH MEMORY]
  Offset: 0x07D05 - 0x07D05 (Len: 1 bytes)
  Data Snippet: 3F 

[FLASH MEMORY]
  Offset: 0x07D07 - 0x07D07 (Len: 1 bytes)
  Data Snippet: 3F 

[FLASH MEMORY]
  Offset: 0x07D09 - 0x07D09 (Len: 1 bytes)
  Data Snippet: 3F 

[FLASH MEMORY]
  Offset: 0x07D0B - 0x07D0B (Len: 1 bytes)
  Data Snippet: 3F 

[FLASH MEMORY]
  Offset: 0x07D0D - 0x07D0D (Len: 1 bytes)
  Data Snippet: 3F 

[FLASH MEMORY]
  Offset: 0x07D0F - 0x07D0F (Len: 1 bytes)
  Data Snippet: 3F 

[FLASH MEMORY]
  Offset: 0x07D11 - 0x07D11 (Len: 1 bytes)
  Data Snippet: 3F 

[FLASH MEMORY]
  Offset: 0x07D13 - 0x07D13 (Len: 1 bytes)
  Data Snippet: 3F 

[FLASH MEMORY]
  Offset: 0x07D15 - 0x07D15 (Len: 1 bytes)
  Data Snippet: 3F 

[FLASH MEMORY]
  Offset: 0x07D17 - 0x07D17 (Len: 1 bytes)
  Data Snippet: 3F 

[FLASH MEMORY]
  Offset: 0x07D19 - 0x07D19 (Len: 1 bytes)
  Data Snippet: 3F 

[FLASH MEMORY]
  Offset: 0x07D1B - 0x07D1B (Len: 1 bytes)
  Data Snippet: 3F 

[FLASH MEMORY]
  Offset: 0x07D1D - 0x07D1D (Len: 1 bytes)
  Data Snippet: 3F 

[FLASH MEMORY]
  Offset: 0x07D1F - 0x07D1F (Len: 1 bytes)
  Data Snippet: 3F 

[FLASH MEMORY]
  Offset: 0x07D21 - 0x07D21 (Len: 1 bytes)
  Data Snippet: 3F 

[FLASH MEMORY]
  Offset: 0x07D23 - 0x07D23 (Len: 1 bytes)
  Data Snippet: 3F 

[FLASH MEMORY]
  Offset: 0x07D25 - 0x07D25 (Len: 1 bytes)
  Data Snippet: 3F 

[FLASH MEMORY]
  Offset: 0x07D27 - 0x07D27 (Len: 1 bytes)
  Data Snippet: 3F 

[FLASH MEMORY]
  Offset: 0x07D29 - 0x07D29 (Len: 1 bytes)
  Data Snippet: 3F 

[FLASH MEMORY]
  Offset: 0x07D2B - 0x07D2B (Len: 1 bytes)
  Data Snippet: 3F 

[FLASH MEMORY]
  Offset: 0x07D2D - 0x07D2D (Len: 1 bytes)
  Data Snippet: 3F 

[FLASH MEMORY]
  Offset: 0x07D2F - 0x07D2F (Len: 1 bytes)
  Data Snippet: 3F 

[FLASH MEMORY]
  Offset: 0x07D31 - 0x07D31 (Len: 1 bytes)
  Data Snippet: 3F 

[FLASH MEMORY]
  Offset: 0x07D33 - 0x07D33 (Len: 1 bytes)
  Data Snippet: 3F 

[FLASH MEMORY]
  Offset: 0x07D35 - 0x07D35 (Len: 1 bytes)
  Data Snippet: 3F 

[FLASH MEMORY]
  Offset: 0x07D37 - 0x07D37 (Len: 1 bytes)
  Data Snippet: 3F 

[FLASH MEMORY]
  Offset: 0x07D39 - 0x07D39 (Len: 1 bytes)
  Data Snippet: 3F 

[FLASH MEMORY]
  Offset: 0x07D3B - 0x07D3B (Len: 1 bytes)
  Data Snippet: 3F 

[FLASH MEMORY]
  Offset: 0x07D3D - 0x07D3D (Len: 1 bytes)
  Data Snippet: 3F 

[FLASH MEMORY]
  Offset: 0x07D3F - 0x07D3F (Len: 1 bytes)
  Data Snippet: 3F 

[FLASH MEMORY]
  Offset: 0x07D41 - 0x07D41 (Len: 1 bytes)
  Data Snippet: 3F 

[FLASH MEMORY]
  Offset: 0x07D43 - 0x07D43 (Len: 1 bytes)
  Data Snippet: 3F 

[FLASH MEMORY]
  Offset: 0x07D45 - 0x07D45 (Len: 1 bytes)
  Data Snippet: 3F 

[FLASH MEMORY]
  Offset: 0x07D47 - 0x07D47 (Len: 1 bytes)
  Data Snippet: 3F 

[FLASH MEMORY]
  Offset: 0x07D49 - 0x07D49 (Len: 1 bytes)
  Data Snippet: 3F 

[FLASH MEMORY]
  Offset: 0x07D4B - 0x07D4B (Len: 1 bytes)
  Data Snippet: 3F 

[FLASH MEMORY]
  Offset: 0x07D4D - 0x07D4D (Len: 1 bytes)
  Data Snippet: 3F 

[FLASH MEMORY]
  Offset: 0x07D4F - 0x07D4F (Len: 1 bytes)
  Data Snippet: 3F 

[FLASH MEMORY]
  Offset: 0x07D51 - 0x07D51 (Len: 1 bytes)
  Data Snippet: 3F 

[FLASH MEMORY]
  Offset: 0x07D53 - 0x07D53 (Len: 1 bytes)
  Data Snippet: 3F 

[FLASH MEMORY]
  Offset: 0x07D55 - 0x07D55 (Len: 1 bytes)
  Data Snippet: 3F 

[FLASH MEMORY]
  Offset: 0x07D57 - 0x07D57 (Len: 1 bytes)
  Data Snippet: 3F 

[FLASH MEMORY]
  Offset: 0x07D59 - 0x07D59 (Len: 1 bytes)
  Data Snippet: 3F 

[FLASH MEMORY]
  Offset: 0x07D5B - 0x07D5B (Len: 1 bytes)
  Data Snippet: 3F 

[FLASH MEMORY]
  Offset: 0x07D5D - 0x07D5D (Len: 1 bytes)
  Data Snippet: 3F 

[FLASH MEMORY]
  Offset: 0x07D5F - 0x07D5F (Len: 1 bytes)
  Data Snippet: 3F 

[FLASH MEMORY]
  Offset: 0x07D61 - 0x07D61 (Len: 1 bytes)
  Data Snippet: 3F 

[FLASH MEMORY]
  Offset: 0x07D63 - 0x07D63 (Len: 1 bytes)
  Data Snippet: 3F 

[FLASH MEMORY]
  Offset: 0x07D65 - 0x07D65 (Len: 1 bytes)
  Data Snippet: 3F 

[FLASH MEMORY]
  Offset: 0x07D67 - 0x07D67 (Len: 1 bytes)
  Data Snippet: 3F 

[FLASH MEMORY]
  Offset: 0x07D69 - 0x07D69 (Len: 1 bytes)
  Data Snippet: 3F 

[FLASH MEMORY]
  Offset: 0x07D6B - 0x07D6B (Len: 1 bytes)
  Data Snippet: 3F 

[FLASH MEMORY]
  Offset: 0x07D6D - 0x07D6D (Len: 1 bytes)
  Data Snippet: 3F 

[FLASH MEMORY]
  Offset: 0x07D6F - 0x07D6F (Len: 1 bytes)
  Data Snippet: 3F 

[FLASH MEMORY]
  Offset: 0x07D71 - 0x07D71 (Len: 1 bytes)
  Data Snippet: 3F 

[FLASH MEMORY]
  Offset: 0x07D73 - 0x07D73 (Len: 1 bytes)
  Data Snippet: 3F 

[FLASH MEMORY]
  Offset: 0x07D75 - 0x07D75 (Len: 1 bytes)
  Data Snippet: 3F 

[FLASH MEMORY]
  Offset: 0x07D77 - 0x07D77 (Len: 1 bytes)
  Data Snippet: 3F 

[FLASH MEMORY]
  Offset: 0x07D79 - 0x07D79 (Len: 1 bytes)
  Data Snippet: 3F 

[FLASH MEMORY]
  Offset: 0x07D7B - 0x07D7B (Len: 1 bytes)
  Data Snippet: 3F 

[FLASH MEMORY]
  Offset: 0x07D7D - 0x07D7D (Len: 1 bytes)
  Data Snippet: 3F 

[FLASH MEMORY]
  Offset: 0x07D7F - 0x07D7F (Len: 1 bytes)
  Data Snippet: 3F 

[FLASH MEMORY]
  Offset: 0x07D81 - 0x07D81 (Len: 1 bytes)
  Data Snippet: 3F 

[FLASH MEMORY]
  Offset: 0x07D83 - 0x07D83 (Len: 1 bytes)
  Data Snippet: 3F 

[FLASH MEMORY]
  Offset: 0x07D85 - 0x07D85 (Len: 1 bytes)
  Data Snippet: 3F 

[FLASH MEMORY]
  Offset: 0x07D87 - 0x07D87 (Len: 1 bytes)
  Data Snippet: 3F 

[FLASH MEMORY]
  Offset: 0x07D89 - 0x07D89 (Len: 1 bytes)
  Data Snippet: 3F 

[FLASH MEMORY]
  Offset: 0x07D8B - 0x07D8B (Len: 1 bytes)
  Data Snippet: 3F 

[FLASH MEMORY]
  Offset: 0x07D8D - 0x07D8D (Len: 1 bytes)
  Data Snippet: 3F 

[FLASH MEMORY]
  Offset: 0x07D8F - 0x07D8F (Len: 1 bytes)
  Data Snippet: 3F 

[FLASH MEMORY]
  Offset: 0x07D91 - 0x07D91 (Len: 1 bytes)
  Data Snippet: 3F 

[FLASH MEMORY]
  Offset: 0x07D93 - 0x07D93 (Len: 1 bytes)
  Data Snippet: 3F 

[FLASH MEMORY]
  Offset: 0x07D95 - 0x07D95 (Len: 1 bytes)
  Data Snippet: 3F 

[FLASH MEMORY]
  Offset: 0x07D97 - 0x07D97 (Len: 1 bytes)
  Data Snippet: 3F 

[FLASH MEMORY]
  Offset: 0x07D99 - 0x07D99 (Len: 1 bytes)
  Data Snippet: 3F 

[FLASH MEMORY]
  Offset: 0x07D9B - 0x07D9B (Len: 1 bytes)
  Data Snippet: 3F 

[FLASH MEMORY]
  Offset: 0x07D9D - 0x07D9D (Len: 1 bytes)
  Data Snippet: 3F 

[FLASH MEMORY]
  Offset: 0x07D9F - 0x07D9F (Len: 1 bytes)
  Data Snippet: 3F 

[FLASH MEMORY]
  Offset: 0x07DA1 - 0x07DA1 (Len: 1 bytes)
  Data Snippet: 3F 

[FLASH MEMORY]
  Offset: 0x07DA3 - 0x07DA3 (Len: 1 bytes)
  Data Snippet: 3F 

[FLASH MEMORY]
  Offset: 0x07DA5 - 0x07DA5 (Len: 1 bytes)
  Data Snippet: 3F 

[FLASH MEMORY]
  Offset: 0x07DA7 - 0x07DA7 (Len: 1 bytes)
  Data Snippet: 3F 

[FLASH MEMORY]
  Offset: 0x07DA9 - 0x07DA9 (Len: 1 bytes)
  Data Snippet: 3F 

[FLASH MEMORY]
  Offset: 0x07DAB - 0x07DAB (Len: 1 bytes)
  Data Snippet: 3F 

[FLASH MEMORY]
  Offset: 0x07DAD - 0x07DAD (Len: 1 bytes)
  Data Snippet: 3F 

[FLASH MEMORY]
  Offset: 0x07DAF - 0x07DAF (Len: 1 bytes)
  Data Snippet: 3F 

[FLASH MEMORY]
  Offset: 0x07DB1 - 0x07DB1 (Len: 1 bytes)
  Data Snippet: 3F 

[FLASH MEMORY]
  Offset: 0x07DB3 - 0x07DB3 (Len: 1 bytes)
  Data Snippet: 3F 

[FLASH MEMORY]
  Offset: 0x07DB5 - 0x07DB5 (Len: 1 bytes)
  Data Snippet: 3F 

[FLASH MEMORY]
  Offset: 0x07DB7 - 0x07DB7 (Len: 1 bytes)
  Data Snippet: 3F 

[FLASH MEMORY]
  Offset: 0x07DB9 - 0x07DB9 (Len: 1 bytes)
  Data Snippet: 3F 

[FLASH MEMORY]
  Offset: 0x07DBB - 0x07DBB (Len: 1 bytes)
  Data Snippet: 3F 

[FLASH MEMORY]
  Offset: 0x07DBD - 0x07DBD (Len: 1 bytes)
  Data Snippet: 3F 

[FLASH MEMORY]
  Offset: 0x07DBF - 0x07DBF (Len: 1 bytes)
  Data Snippet: 3F 

[FLASH MEMORY]
  Offset: 0x07DC1 - 0x07DC1 (Len: 1 bytes)
  Data Snippet: 3F 

[FLASH MEMORY]
  Offset: 0x07DC3 - 0x07DC3 (Len: 1 bytes)
  Data Snippet: 3F 

[FLASH MEMORY]
  Offset: 0x07DC5 - 0x07DC5 (Len: 1 bytes)
  Data Snippet: 3F 

[FLASH MEMORY]
  Offset: 0x07DC7 - 0x07DC7 (Len: 1 bytes)
  Data Snippet: 3F 

[FLASH MEMORY]
  Offset: 0x07DC9 - 0x07DC9 (Len: 1 bytes)
  Data Snippet: 3F 

[FLASH MEMORY]
  Offset: 0x07DCB - 0x07DCB (Len: 1 bytes)
  Data Snippet: 3F 

[FLASH MEMORY]
  Offset: 0x07DCD - 0x07DCD (Len: 1 bytes)
  Data Snippet: 3F 

[FLASH MEMORY]
  Offset: 0x07DCF - 0x07DCF (Len: 1 bytes)
  Data Snippet: 3F 

[FLASH MEMORY]
  Offset: 0x07DD1 - 0x07DD1 (Len: 1 bytes)
  Data Snippet: 3F 

[FLASH MEMORY]
  Offset: 0x07DD3 - 0x07DD3 (Len: 1 bytes)
  Data Snippet: 3F 

[FLASH MEMORY]
  Offset: 0x07DD5 - 0x07DD5 (Len: 1 bytes)
  Data Snippet: 3F 

[FLASH MEMORY]
  Offset: 0x07DD7 - 0x07DD7 (Len: 1 bytes)
  Data Snippet: 3F 

[FLASH MEMORY]
  Offset: 0x07DD9 - 0x07DD9 (Len: 1 bytes)
  Data Snippet: 3F 

[FLASH MEMORY]
  Offset: 0x07DDB - 0x07DDB (Len: 1 bytes)
  Data Snippet: 3F 

[FLASH MEMORY]
  Offset: 0x07DDD - 0x07DDD (Len: 1 bytes)
  Data Snippet: 3F 

[FLASH MEMORY]
  Offset: 0x07DDF - 0x07DDF (Len: 1 bytes)
  Data Snippet: 3F 

[FLASH MEMORY]
  Offset: 0x07DE1 - 0x07DE1 (Len: 1 bytes)
  Data Snippet: 3F 

[FLASH MEMORY]
  Offset: 0x07DE3 - 0x07DE3 (Len: 1 bytes)
  Data Snippet: 3F 

[FLASH MEMORY]
  Offset: 0x07DE5 - 0x07DE5 (Len: 1 bytes)
  Data Snippet: 3F 

[FLASH MEMORY]
  Offset: 0x07DE7 - 0x07DE7 (Len: 1 bytes)
  Data Snippet: 3F 

[FLASH MEMORY]
  Offset: 0x07DE9 - 0x07DE9 (Len: 1 bytes)
  Data Snippet: 3F 

[FLASH MEMORY]
  Offset: 0x07DEB - 0x07DEB (Len: 1 bytes)
  Data Snippet: 3F 

[FLASH MEMORY]
  Offset: 0x07DED - 0x07DED (Len: 1 bytes)
  Data Snippet: 3F 

[FLASH MEMORY]
  Offset: 0x07DEF - 0x07DEF (Len: 1 bytes)
  Data Snippet: 3F 

[FLASH MEMORY]
  Offset: 0x07DF1 - 0x07DF1 (Len: 1 bytes)
  Data Snippet: 3F 

[FLASH MEMORY]
  Offset: 0x07DF3 - 0x07DF3 (Len: 1 bytes)
  Data Snippet: 3F 

[FLASH MEMORY]
  Offset: 0x07DF5 - 0x07DF5 (Len: 1 bytes)
  Data Snippet: 3F 

[FLASH MEMORY]
  Offset: 0x07DF7 - 0x07DF7 (Len: 1 bytes)
  Data Snippet: 3F 

[FLASH MEMORY]
  Offset: 0x07DF9 - 0x07DF9 (Len: 1 bytes)
  Data Snippet: 3F 

[FLASH MEMORY]
  Offset: 0x07DFB - 0x07DFB (Len: 1 bytes)
  Data Snippet: 3F 

[FLASH MEMORY]
  Offset: 0x07DFD - 0x07DFD (Len: 1 bytes)
  Data Snippet: 3F 

[FLASH MEMORY]
  Offset: 0x07DFF - 0x07DFF (Len: 1 bytes)
  Data Snippet: 3F 

[FLASH MEMORY]
  Offset: 0x07E01 - 0x07E01 (Len: 1 bytes)
  Data Snippet: 3F 

[FLASH MEMORY]
  Offset: 0x07E03 - 0x07E03 (Len: 1 bytes)
  Data Snippet: 3F 

[FLASH MEMORY]
  Offset: 0x07E05 - 0x07E05 (Len: 1 bytes)
  Data Snippet: 3F 

[FLASH MEMORY]
  Offset: 0x07E07 - 0x07E07 (Len: 1 bytes)
  Data Snippet: 3F 

[FLASH MEMORY]
  Offset: 0x07E09 - 0x07E09 (Len: 1 bytes)
  Data Snippet: 3F 

[FLASH MEMORY]
  Offset: 0x07E0B - 0x07E0B (Len: 1 bytes)
  Data Snippet: 3F 

[FLASH MEMORY]
  Offset: 0x07E0D - 0x07E0D (Len: 1 bytes)
  Data Snippet: 3F 

[FLASH MEMORY]
  Offset: 0x07E0F - 0x07E0F (Len: 1 bytes)
  Data Snippet: 3F 

[FLASH MEMORY]
  Offset: 0x07E11 - 0x07E11 (Len: 1 bytes)
  Data Snippet: 3F 

[FLASH MEMORY]
  Offset: 0x07E13 - 0x07E13 (Len: 1 bytes)
  Data Snippet: 3F 

[FLASH MEMORY]
  Offset: 0x07E15 - 0x07E15 (Len: 1 bytes)
  Data Snippet: 3F 

[FLASH MEMORY]
  Offset: 0x07E17 - 0x07E17 (Len: 1 bytes)
  Data Snippet: 3F 

[FLASH MEMORY]
  Offset: 0x07E19 - 0x07E19 (Len: 1 bytes)
  Data Snippet: 3F 

[FLASH MEMORY]
  Offset: 0x07E1B - 0x07E1B (Len: 1 bytes)
  Data Snippet: 3F 

[FLASH MEMORY]
  Offset: 0x07E1D - 0x07E1D (Len: 1 bytes)
  Data Snippet: 3F 

[FLASH MEMORY]
  Offset: 0x07E1F - 0x07E1F (Len: 1 bytes)
  Data Snippet: 3F 

[FLASH MEMORY]
  Offset: 0x07E21 - 0x07E21 (Len: 1 bytes)
  Data Snippet: 3F 

[FLASH MEMORY]
  Offset: 0x07E23 - 0x07E23 (Len: 1 bytes)
  Data Snippet: 3F 

[FLASH MEMORY]
  Offset: 0x07E25 - 0x07E25 (Len: 1 bytes)
  Data Snippet: 3F 

[FLASH MEMORY]
  Offset: 0x07E27 - 0x07E27 (Len: 1 bytes)
  Data Snippet: 3F 

[FLASH MEMORY]
  Offset: 0x07E29 - 0x07E29 (Len: 1 bytes)
  Data Snippet: 3F 

[FLASH MEMORY]
  Offset: 0x07E2B - 0x07E2B (Len: 1 bytes)
  Data Snippet: 3F 

[FLASH MEMORY]
  Offset: 0x07E2D - 0x07E2D (Len: 1 bytes)
  Data Snippet: 3F 

[FLASH MEMORY]
  Offset: 0x07E2F - 0x07E2F (Len: 1 bytes)
  Data Snippet: 3F 

[FLASH MEMORY]
  Offset: 0x07E31 - 0x07E31 (Len: 1 bytes)
  Data Snippet: 3F 

[FLASH MEMORY]
  Offset: 0x07E33 - 0x07E33 (Len: 1 bytes)
  Data Snippet: 3F 

[FLASH MEMORY]
  Offset: 0x07E35 - 0x07E35 (Len: 1 bytes)
  Data Snippet: 3F 

[FLASH MEMORY]
  Offset: 0x07E37 - 0x07E37 (Len: 1 bytes)
  Data Snippet: 3F 

[FLASH MEMORY]
  Offset: 0x07E39 - 0x07E39 (Len: 1 bytes)
  Data Snippet: 3F 

[FLASH MEMORY]
  Offset: 0x07E3B - 0x07E3B (Len: 1 bytes)
  Data Snippet: 3F 

[FLASH MEMORY]
  Offset: 0x07E3D - 0x07E3D (Len: 1 bytes)
  Data Snippet: 3F 

[FLASH MEMORY]
  Offset: 0x07E3F - 0x07E3F (Len: 1 bytes)
  Data Snippet: 3F 

[FLASH MEMORY]
  Offset: 0x07E41 - 0x07E41 (Len: 1 bytes)
  Data Snippet: 3F 

[FLASH MEMORY]
  Offset: 0x07E43 - 0x07E43 (Len: 1 bytes)
  Data Snippet: 3F 

[FLASH MEMORY]
  Offset: 0x07E45 - 0x07E45 (Len: 1 bytes)
  Data Snippet: 3F 

[FLASH MEMORY]
  Offset: 0x07E47 - 0x07E47 (Len: 1 bytes)
  Data Snippet: 3F 

[FLASH MEMORY]
  Offset: 0x07E49 - 0x07E49 (Len: 1 bytes)
  Data Snippet: 3F 

[FLASH MEMORY]
  Offset: 0x07E4B - 0x07E4B (Len: 1 bytes)
  Data Snippet: 3F 

[FLASH MEMORY]
  Offset: 0x07E4D - 0x07E4D (Len: 1 bytes)
  Data Snippet: 3F 

[FLASH MEMORY]
  Offset: 0x07E4F - 0x07E4F (Len: 1 bytes)
  Data Snippet: 3F 

[FLASH MEMORY]
  Offset: 0x07E51 - 0x07E51 (Len: 1 bytes)
  Data Snippet: 3F 

[FLASH MEMORY]
  Offset: 0x07E53 - 0x07E53 (Len: 1 bytes)
  Data Snippet: 3F 

[FLASH MEMORY]
  Offset: 0x07E55 - 0x07E55 (Len: 1 bytes)
  Data Snippet: 3F 

[FLASH MEMORY]
  Offset: 0x07E57 - 0x07E57 (Len: 1 bytes)
  Data Snippet: 3F 

[FLASH MEMORY]
  Offset: 0x07E59 - 0x07E59 (Len: 1 bytes)
  Data Snippet: 3F 

[FLASH MEMORY]
  Offset: 0x07E5B - 0x07E5B (Len: 1 bytes)
  Data Snippet: 3F 

[FLASH MEMORY]
  Offset: 0x07E5D - 0x07E5D (Len: 1 bytes)
  Data Snippet: 3F 

[FLASH MEMORY]
  Offset: 0x07E5F - 0x07E5F (Len: 1 bytes)
  Data Snippet: 3F 

[FLASH MEMORY]
  Offset: 0x07E61 - 0x07E61 (Len: 1 bytes)
  Data Snippet: 3F 

[FLASH MEMORY]
  Offset: 0x07E63 - 0x07E63 (Len: 1 bytes)
  Data Snippet: 3F 

[FLASH MEMORY]
  Offset: 0x07E65 - 0x07E65 (Len: 1 bytes)
  Data Snippet: 3F 

[FLASH MEMORY]
  Offset: 0x07E67 - 0x07E67 (Len: 1 bytes)
  Data Snippet: 3F 

[FLASH MEMORY]
  Offset: 0x07E69 - 0x07E69 (Len: 1 bytes)
  Data Snippet: 3F 

[FLASH MEMORY]
  Offset: 0x07E6B - 0x07E6B (Len: 1 bytes)
  Data Snippet: 3F 

[FLASH MEMORY]
  Offset: 0x07E6D - 0x07E6D (Len: 1 bytes)
  Data Snippet: 3F 

[FLASH MEMORY]
  Offset: 0x07E6F - 0x07E6F (Len: 1 bytes)
  Data Snippet: 3F 

[FLASH MEMORY]
  Offset: 0x07E71 - 0x07E71 (Len: 1 bytes)
  Data Snippet: 3F 

[FLASH MEMORY]
  Offset: 0x07E73 - 0x07E73 (Len: 1 bytes)
  Data Snippet: 3F 

[FLASH MEMORY]
  Offset: 0x07E75 - 0x07E75 (Len: 1 bytes)
  Data Snippet: 3F 

[FLASH MEMORY]
  Offset: 0x07E77 - 0x07E77 (Len: 1 bytes)
  Data Snippet: 3F 

[FLASH MEMORY]
  Offset: 0x07E79 - 0x07E79 (Len: 1 bytes)
  Data Snippet: 3F 

[FLASH MEMORY]
  Offset: 0x07E7B - 0x07E7B (Len: 1 bytes)
  Data Snippet: 3F 

[FLASH MEMORY]
  Offset: 0x07E7D - 0x07E7D (Len: 1 bytes)
  Data Snippet: 3F 

[FLASH MEMORY]
  Offset: 0x07E7F - 0x07E7F (Len: 1 bytes)
  Data Snippet: 3F 

[FLASH MEMORY]
  Offset: 0x07E81 - 0x07E81 (Len: 1 bytes)
  Data Snippet: 3F 

[FLASH MEMORY]
  Offset: 0x07E83 - 0x07E83 (Len: 1 bytes)
  Data Snippet: 3F 

[FLASH MEMORY]
  Offset: 0x07E85 - 0x07E85 (Len: 1 bytes)
  Data Snippet: 3F 

[FLASH MEMORY]
  Offset: 0x07E87 - 0x07E87 (Len: 1 bytes)
  Data Snippet: 3F 

[FLASH MEMORY]
  Offset: 0x07E89 - 0x07E89 (Len: 1 bytes)
  Data Snippet: 3F 

[FLASH MEMORY]
  Offset: 0x07E8B - 0x07E8B (Len: 1 bytes)
  Data Snippet: 3F 

[FLASH MEMORY]
  Offset: 0x07E8D - 0x07E8D (Len: 1 bytes)
  Data Snippet: 3F 

[FLASH MEMORY]
  Offset: 0x07E8F - 0x07E8F (Len: 1 bytes)
  Data Snippet: 3F 

[FLASH MEMORY]
  Offset: 0x07E91 - 0x07E91 (Len: 1 bytes)
  Data Snippet: 3F 

[FLASH MEMORY]
  Offset: 0x07E93 - 0x07E93 (Len: 1 bytes)
  Data Snippet: 3F 

[FLASH MEMORY]
  Offset: 0x07E95 - 0x07E95 (Len: 1 bytes)
  Data Snippet: 3F 

[FLASH MEMORY]
  Offset: 0x07E97 - 0x07E97 (Len: 1 bytes)
  Data Snippet: 3F 

[FLASH MEMORY]
  Offset: 0x07E99 - 0x07E99 (Len: 1 bytes)
  Data Snippet: 3F 

[FLASH MEMORY]
  Offset: 0x07E9B - 0x07E9B (Len: 1 bytes)
  Data Snippet: 3F 

[FLASH MEMORY]
  Offset: 0x07E9D - 0x07E9D (Len: 1 bytes)
  Data Snippet: 3F 

[FLASH MEMORY]
  Offset: 0x07E9F - 0x07E9F (Len: 1 bytes)
  Data Snippet: 3F 

[FLASH MEMORY]
  Offset: 0x07EA1 - 0x07EA1 (Len: 1 bytes)
  Data Snippet: 3F 

[FLASH MEMORY]
  Offset: 0x07EA3 - 0x07EA3 (Len: 1 bytes)
  Data Snippet: 3F 

[FLASH MEMORY]
  Offset: 0x07EA5 - 0x07EA5 (Len: 1 bytes)
  Data Snippet: 3F 

[FLASH MEMORY]
  Offset: 0x07EA7 - 0x07EA7 (Len: 1 bytes)
  Data Snippet: 3F 

[FLASH MEMORY]
  Offset: 0x07EA9 - 0x07EA9 (Len: 1 bytes)
  Data Snippet: 3F 

[FLASH MEMORY]
  Offset: 0x07EAB - 0x07EAB (Len: 1 bytes)
  Data Snippet: 3F 

[FLASH MEMORY]
  Offset: 0x07EAD - 0x07EAD (Len: 1 bytes)
  Data Snippet: 3F 

[FLASH MEMORY]
  Offset: 0x07EAF - 0x07EAF (Len: 1 bytes)
  Data Snippet: 3F 

[FLASH MEMORY]
  Offset: 0x07EB1 - 0x07EB1 (Len: 1 bytes)
  Data Snippet: 3F 

[FLASH MEMORY]
  Offset: 0x07EB3 - 0x07EB3 (Len: 1 bytes)
  Data Snippet: 3F 

[FLASH MEMORY]
  Offset: 0x07EB5 - 0x07EB5 (Len: 1 bytes)
  Data Snippet: 3F 

[FLASH MEMORY]
  Offset: 0x07EB7 - 0x07EB7 (Len: 1 bytes)
  Data Snippet: 3F 

[FLASH MEMORY]
  Offset: 0x07EB9 - 0x07EB9 (Len: 1 bytes)
  Data Snippet: 3F 

[FLASH MEMORY]
  Offset: 0x07EBB - 0x07EBB (Len: 1 bytes)
  Data Snippet: 3F 

[FLASH MEMORY]
  Offset: 0x07EBD - 0x07EBD (Len: 1 bytes)
  Data Snippet: 3F 

[FLASH MEMORY]
  Offset: 0x07EBF - 0x07EBF (Len: 1 bytes)
  Data Snippet: 3F 

[FLASH MEMORY]
  Offset: 0x07EC1 - 0x07EC1 (Len: 1 bytes)
  Data Snippet: 3F 

[FLASH MEMORY]
  Offset: 0x07EC3 - 0x07EC3 (Len: 1 bytes)
  Data Snippet: 3F 

[FLASH MEMORY]
  Offset: 0x07EC5 - 0x07EC5 (Len: 1 bytes)
  Data Snippet: 3F 

[FLASH MEMORY]
  Offset: 0x07EC7 - 0x07EC7 (Len: 1 bytes)
  Data Snippet: 3F 

[FLASH MEMORY]
  Offset: 0x07EC9 - 0x07EC9 (Len: 1 bytes)
  Data Snippet: 3F 

[FLASH MEMORY]
  Offset: 0x07ECB - 0x07ECB (Len: 1 bytes)
  Data Snippet: 3F 

[FLASH MEMORY]
  Offset: 0x07ECD - 0x07ECD (Len: 1 bytes)
  Data Snippet: 3F 

[FLASH MEMORY]
  Offset: 0x07ECF - 0x07ECF (Len: 1 bytes)
  Data Snippet: 3F 

[FLASH MEMORY]
  Offset: 0x07ED1 - 0x07ED1 (Len: 1 bytes)
  Data Snippet: 3F 

[FLASH MEMORY]
  Offset: 0x07ED3 - 0x07ED3 (Len: 1 bytes)
  Data Snippet: 3F 

[FLASH MEMORY]
  Offset: 0x07ED5 - 0x07ED5 (Len: 1 bytes)
  Data Snippet: 3F 

[FLASH MEMORY]
  Offset: 0x07ED7 - 0x07ED7 (Len: 1 bytes)
  Data Snippet: 3F 

[FLASH MEMORY]
  Offset: 0x07ED9 - 0x07ED9 (Len: 1 bytes)
  Data Snippet: 3F 

[FLASH MEMORY]
  Offset: 0x07EDB - 0x07EDB (Len: 1 bytes)
  Data Snippet: 3F 

[FLASH MEMORY]
  Offset: 0x07EDD - 0x07EDD (Len: 1 bytes)
  Data Snippet: 3F 

[FLASH MEMORY]
  Offset: 0x07EDF - 0x07EDF (Len: 1 bytes)
  Data Snippet: 3F 

[FLASH MEMORY]
  Offset: 0x07EE1 - 0x07EE1 (Len: 1 bytes)
  Data Snippet: 3F 

[FLASH MEMORY]
  Offset: 0x07EE3 - 0x07EE3 (Len: 1 bytes)
  Data Snippet: 3F 

[FLASH MEMORY]
  Offset: 0x07EE5 - 0x07EE5 (Len: 1 bytes)
  Data Snippet: 3F 

[FLASH MEMORY]
  Offset: 0x07EE7 - 0x07EE7 (Len: 1 bytes)
  Data Snippet: 3F 

[FLASH MEMORY]
  Offset: 0x07EE9 - 0x07EE9 (Len: 1 bytes)
  Data Snippet: 3F 

[FLASH MEMORY]
  Offset: 0x07EEB - 0x07EEB (Len: 1 bytes)
  Data Snippet: 3F 

[FLASH MEMORY]
  Offset: 0x07EED - 0x07EED (Len: 1 bytes)
  Data Snippet: 3F 

[FLASH MEMORY]
  Offset: 0x07EEF - 0x07EEF (Len: 1 bytes)
  Data Snippet: 3F 

[FLASH MEMORY]
  Offset: 0x07EF1 - 0x07EF1 (Len: 1 bytes)
  Data Snippet: 3F 

[FLASH MEMORY]
  Offset: 0x07EF3 - 0x07EF3 (Len: 1 bytes)
  Data Snippet: 3F 

[FLASH MEMORY]
  Offset: 0x07EF5 - 0x07EF5 (Len: 1 bytes)
  Data Snippet: 3F 

[FLASH MEMORY]
  Offset: 0x07EF7 - 0x07EF7 (Len: 1 bytes)
  Data Snippet: 3F 

[FLASH MEMORY]
  Offset: 0x07EF9 - 0x07EF9 (Len: 1 bytes)
  Data Snippet: 3F 

[FLASH MEMORY]
  Offset: 0x07EFB - 0x07EFB (Len: 1 bytes)
  Data Snippet: 3F 

[FLASH MEMORY]
  Offset: 0x07EFD - 0x07EFD (Len: 1 bytes)
  Data Snippet: 3F 

[FLASH MEMORY]
  Offset: 0x07EFF - 0x07EFF (Len: 1 bytes)
  Data Snippet: 3F 

[FLASH MEMORY]
  Offset: 0x07F01 - 0x07F01 (Len: 1 bytes)
  Data Snippet: 3F 

[FLASH MEMORY]
  Offset: 0x07F03 - 0x07F03 (Len: 1 bytes)
  Data Snippet: 3F 

[FLASH MEMORY]
  Offset: 0x07F05 - 0x07F05 (Len: 1 bytes)
  Data Snippet: 3F 

[FLASH MEMORY]
  Offset: 0x07F07 - 0x07F07 (Len: 1 bytes)
  Data Snippet: 3F 

[FLASH MEMORY]
  Offset: 0x07F09 - 0x07F09 (Len: 1 bytes)
  Data Snippet: 3F 

[FLASH MEMORY]
  Offset: 0x07F0B - 0x07F0B (Len: 1 bytes)
  Data Snippet: 3F 

[FLASH MEMORY]
  Offset: 0x07F0D - 0x07F0D (Len: 1 bytes)
  Data Snippet: 3F 

[FLASH MEMORY]
  Offset: 0x07F0F - 0x07F0F (Len: 1 bytes)
  Data Snippet: 3F 

[FLASH MEMORY]
  Offset: 0x07F11 - 0x07F11 (Len: 1 bytes)
  Data Snippet: 3F 

[FLASH MEMORY]
  Offset: 0x07F13 - 0x07F13 (Len: 1 bytes)
  Data Snippet: 3F 

[FLASH MEMORY]
  Offset: 0x07F15 - 0x07F15 (Len: 1 bytes)
  Data Snippet: 3F 

[FLASH MEMORY]
  Offset: 0x07F17 - 0x07F17 (Len: 1 bytes)
  Data Snippet: 3F 

[FLASH MEMORY]
  Offset: 0x07F19 - 0x07F19 (Len: 1 bytes)
  Data Snippet: 3F 

[FLASH MEMORY]
  Offset: 0x07F1B - 0x07F1B (Len: 1 bytes)
  Data Snippet: 3F 

[FLASH MEMORY]
  Offset: 0x07F1D - 0x07F1D (Len: 1 bytes)
  Data Snippet: 3F 

[FLASH MEMORY]
  Offset: 0x07F1F - 0x07F1F (Len: 1 bytes)
  Data Snippet: 3F 

[FLASH MEMORY]
  Offset: 0x07F21 - 0x07F21 (Len: 1 bytes)
  Data Snippet: 3F 

[FLASH MEMORY]
  Offset: 0x07F23 - 0x07F23 (Len: 1 bytes)
  Data Snippet: 3F 

[FLASH MEMORY]
  Offset: 0x07F25 - 0x07F25 (Len: 1 bytes)
  Data Snippet: 3F 

[FLASH MEMORY]
  Offset: 0x07F27 - 0x07F27 (Len: 1 bytes)
  Data Snippet: 3F 

[FLASH MEMORY]
  Offset: 0x07F29 - 0x07F29 (Len: 1 bytes)
  Data Snippet: 3F 

[FLASH MEMORY]
  Offset: 0x07F2B - 0x07F2B (Len: 1 bytes)
  Data Snippet: 3F 

[FLASH MEMORY]
  Offset: 0x07F2D - 0x07F2D (Len: 1 bytes)
  Data Snippet: 3F 

[FLASH MEMORY]
  Offset: 0x07F2F - 0x07F2F (Len: 1 bytes)
  Data Snippet: 3F 

[FLASH MEMORY]
  Offset: 0x07F31 - 0x07F31 (Len: 1 bytes)
  Data Snippet: 3F 

[FLASH MEMORY]
  Offset: 0x07F33 - 0x07F33 (Len: 1 bytes)
  Data Snippet: 3F 

[FLASH MEMORY]
  Offset: 0x07F35 - 0x07F35 (Len: 1 bytes)
  Data Snippet: 3F 

[FLASH MEMORY]
  Offset: 0x07F37 - 0x07F37 (Len: 1 bytes)
  Data Snippet: 3F 

[FLASH MEMORY]
  Offset: 0x07F39 - 0x07F39 (Len: 1 bytes)
  Data Snippet: 3F 

[FLASH MEMORY]
  Offset: 0x07F3B - 0x07F3B (Len: 1 bytes)
  Data Snippet: 3F 

[FLASH MEMORY]
  Offset: 0x07F3D - 0x07F3D (Len: 1 bytes)
  Data Snippet: 3F 

[FLASH MEMORY]
  Offset: 0x07F3F - 0x07F3F (Len: 1 bytes)
  Data Snippet: 3F 

[FLASH MEMORY]
  Offset: 0x07F41 - 0x07F41 (Len: 1 bytes)
  Data Snippet: 3F 

[FLASH MEMORY]
  Offset: 0x07F43 - 0x07F43 (Len: 1 bytes)
  Data Snippet: 3F 

[FLASH MEMORY]
  Offset: 0x07F45 - 0x07F45 (Len: 1 bytes)
  Data Snippet: 3F 

[FLASH MEMORY]
  Offset: 0x07F47 - 0x07F47 (Len: 1 bytes)
  Data Snippet: 3F 

[FLASH MEMORY]
  Offset: 0x07F49 - 0x07F49 (Len: 1 bytes)
  Data Snippet: 3F 

[FLASH MEMORY]
  Offset: 0x07F4B - 0x07F4B (Len: 1 bytes)
  Data Snippet: 3F 

[FLASH MEMORY]
  Offset: 0x07F4D - 0x07F4D (Len: 1 bytes)
  Data Snippet: 3F 

[FLASH MEMORY]
  Offset: 0x07F4F - 0x07F4F (Len: 1 bytes)
  Data Snippet: 3F 

[FLASH MEMORY]
  Offset: 0x07F51 - 0x07F51 (Len: 1 bytes)
  Data Snippet: 3F 

[FLASH MEMORY]
  Offset: 0x07F53 - 0x07F53 (Len: 1 bytes)
  Data Snippet: 3F 

[FLASH MEMORY]
  Offset: 0x07F55 - 0x07F55 (Len: 1 bytes)
  Data Snippet: 3F 

[FLASH MEMORY]
  Offset: 0x07F57 - 0x07F57 (Len: 1 bytes)
  Data Snippet: 3F 

[FLASH MEMORY]
  Offset: 0x07F59 - 0x07F59 (Len: 1 bytes)
  Data Snippet: 3F 

[FLASH MEMORY]
  Offset: 0x07F5B - 0x07F5B (Len: 1 bytes)
  Data Snippet: 3F 

[FLASH MEMORY]
  Offset: 0x07F5D - 0x07F5D (Len: 1 bytes)
  Data Snippet: 3F 

[FLASH MEMORY]
  Offset: 0x07F5F - 0x07F5F (Len: 1 bytes)
  Data Snippet: 3F 

[FLASH MEMORY]
  Offset: 0x07F61 - 0x07F61 (Len: 1 bytes)
  Data Snippet: 3F 

[FLASH MEMORY]
  Offset: 0x07F63 - 0x07F63 (Len: 1 bytes)
  Data Snippet: 3F 

[FLASH MEMORY]
  Offset: 0x07F65 - 0x07F65 (Len: 1 bytes)
  Data Snippet: 3F 

[FLASH MEMORY]
  Offset: 0x07F67 - 0x07F67 (Len: 1 bytes)
  Data Snippet: 3F 

[FLASH MEMORY]
  Offset: 0x07F69 - 0x07F69 (Len: 1 bytes)
  Data Snippet: 3F 

[FLASH MEMORY]
  Offset: 0x07F6B - 0x07F6B (Len: 1 bytes)
  Data Snippet: 3F 

[FLASH MEMORY]
  Offset: 0x07F6D - 0x07F6D (Len: 1 bytes)
  Data Snippet: 3F 

[FLASH MEMORY]
  Offset: 0x07F6F - 0x07F6F (Len: 1 bytes)
  Data Snippet: 3F 

[FLASH MEMORY]
  Offset: 0x07F71 - 0x07F71 (Len: 1 bytes)
  Data Snippet: 3F 

[FLASH MEMORY]
  Offset: 0x07F73 - 0x07F73 (Len: 1 bytes)
  Data Snippet: 3F 

[FLASH MEMORY]
  Offset: 0x07F75 - 0x07F75 (Len: 1 bytes)
  Data Snippet: 3F 

[FLASH MEMORY]
  Offset: 0x07F77 - 0x07F77 (Len: 1 bytes)
  Data Snippet: 3F 

[FLASH MEMORY]
  Offset: 0x07F79 - 0x07F79 (Len: 1 bytes)
  Data Snippet: 3F 

[FLASH MEMORY]
  Offset: 0x07F7B - 0x07F7B (Len: 1 bytes)
  Data Snippet: 3F 

[FLASH MEMORY]
  Offset: 0x07F7D - 0x07F7D (Len: 1 bytes)
  Data Snippet: 3F 

[FLASH MEMORY]
  Offset: 0x07F7F - 0x07F7F (Len: 1 bytes)
  Data Snippet: 3F 

[FLASH MEMORY]
  Offset: 0x07F81 - 0x07F81 (Len: 1 bytes)
  Data Snippet: 3F 

[FLASH MEMORY]
  Offset: 0x07F83 - 0x07F83 (Len: 1 bytes)
  Data Snippet: 3F 

[FLASH MEMORY]
  Offset: 0x07F85 - 0x07F85 (Len: 1 bytes)
  Data Snippet: 3F 

[FLASH MEMORY]
  Offset: 0x07F87 - 0x07F87 (Len: 1 bytes)
  Data Snippet: 3F 

[FLASH MEMORY]
  Offset: 0x07F89 - 0x07F89 (Len: 1 bytes)
  Data Snippet: 3F 

[FLASH MEMORY]
  Offset: 0x07F8B - 0x07F8B (Len: 1 bytes)
  Data Snippet: 3F 

[FLASH MEMORY]
  Offset: 0x07F8D - 0x07F8D (Len: 1 bytes)
  Data Snippet: 3F 

[FLASH MEMORY]
  Offset: 0x07F8F - 0x07F8F (Len: 1 bytes)
  Data Snippet: 3F 

[FLASH MEMORY]
  Offset: 0x07F91 - 0x07F91 (Len: 1 bytes)
  Data Snippet: 3F 

[FLASH MEMORY]
  Offset: 0x07F93 - 0x07F93 (Len: 1 bytes)
  Data Snippet: 3F 

[FLASH MEMORY]
  Offset: 0x07F95 - 0x07F95 (Len: 1 bytes)
  Data Snippet: 3F 

[FLASH MEMORY]
  Offset: 0x07F97 - 0x07F97 (Len: 1 bytes)
  Data Snippet: 3F 

[FLASH MEMORY]
  Offset: 0x07F99 - 0x07F99 (Len: 1 bytes)
  Data Snippet: 3F 

[FLASH MEMORY]
  Offset: 0x07F9B - 0x07F9B (Len: 1 bytes)
  Data Snippet: 3F 

[FLASH MEMORY]
  Offset: 0x07F9D - 0x07F9D (Len: 1 bytes)
  Data Snippet: 3F 

[FLASH MEMORY]
  Offset: 0x07F9F - 0x07F9F (Len: 1 bytes)
  Data Snippet: 3F 

[FLASH MEMORY]
  Offset: 0x07FA1 - 0x07FA1 (Len: 1 bytes)
  Data Snippet: 3F 

[FLASH MEMORY]
  Offset: 0x07FA3 - 0x07FA3 (Len: 1 bytes)
  Data Snippet: 3F 

[FLASH MEMORY]
  Offset: 0x07FA5 - 0x07FA5 (Len: 1 bytes)
  Data Snippet: 3F 

[FLASH MEMORY]
  Offset: 0x07FA7 - 0x07FA7 (Len: 1 bytes)
  Data Snippet: 3F 

[FLASH MEMORY]
  Offset: 0x07FA9 - 0x07FA9 (Len: 1 bytes)
  Data Snippet: 3F 

[FLASH MEMORY]
  Offset: 0x07FAB - 0x07FAB (Len: 1 bytes)
  Data Snippet: 3F 

[FLASH MEMORY]
  Offset: 0x07FAD - 0x07FAD (Len: 1 bytes)
  Data Snippet: 3F 

[FLASH MEMORY]
  Offset: 0x07FAF - 0x07FAF (Len: 1 bytes)
  Data Snippet: 3F 

[FLASH MEMORY]
  Offset: 0x07FB1 - 0x07FB1 (Len: 1 bytes)
  Data Snippet: 3F 

[FLASH MEMORY]
  Offset: 0x07FB3 - 0x07FB3 (Len: 1 bytes)
  Data Snippet: 3F 

[FLASH MEMORY]
  Offset: 0x07FB5 - 0x07FB5 (Len: 1 bytes)
  Data Snippet: 3F 

[FLASH MEMORY]
  Offset: 0x07FB7 - 0x07FB7 (Len: 1 bytes)
  Data Snippet: 3F 

[FLASH MEMORY]
  Offset: 0x07FB9 - 0x07FB9 (Len: 1 bytes)
  Data Snippet: 3F 

[FLASH MEMORY]
  Offset: 0x07FBB - 0x07FBB (Len: 1 bytes)
  Data Snippet: 3F 

[FLASH MEMORY]
  Offset: 0x07FBD - 0x07FBD (Len: 1 bytes)
  Data Snippet: 3F 

[FLASH MEMORY]
  Offset: 0x07FBF - 0x07FBF (Len: 1 bytes)
  Data Snippet: 3F 

[FLASH MEMORY]
  Offset: 0x07FC1 - 0x07FC1 (Len: 1 bytes)
  Data Snippet: 3F 

[FLASH MEMORY]
  Offset: 0x07FC3 - 0x07FC3 (Len: 1 bytes)
  Data Snippet: 3F 

[FLASH MEMORY]
  Offset: 0x07FC5 - 0x07FC5 (Len: 1 bytes)
  Data Snippet: 3F 

[FLASH MEMORY]
  Offset: 0x07FC7 - 0x07FC7 (Len: 1 bytes)
  Data Snippet: 3F 

[FLASH MEMORY]
  Offset: 0x07FC9 - 0x07FC9 (Len: 1 bytes)
  Data Snippet: 3F 

[FLASH MEMORY]
  Offset: 0x07FCB - 0x07FCB (Len: 1 bytes)
  Data Snippet: 3F 

[FLASH MEMORY]
  Offset: 0x07FCD - 0x07FCD (Len: 1 bytes)
  Data Snippet: 3F 

[FLASH MEMORY]
  Offset: 0x07FCF - 0x07FCF (Len: 1 bytes)
  Data Snippet: 3F 

[FLASH MEMORY]
  Offset: 0x07FD1 - 0x07FD1 (Len: 1 bytes)
  Data Snippet: 3F 

[FLASH MEMORY]
  Offset: 0x07FD3 - 0x07FD3 (Len: 1 bytes)
  Data Snippet: 3F 

[FLASH MEMORY]
  Offset: 0x07FD5 - 0x07FD5 (Len: 1 bytes)
  Data Snippet: 3F 

[FLASH MEMORY]
  Offset: 0x07FD7 - 0x07FD7 (Len: 1 bytes)
  Data Snippet: 3F 

[FLASH MEMORY]
  Offset: 0x07FD9 - 0x07FD9 (Len: 1 bytes)
  Data Snippet: 3F 

[FLASH MEMORY]
  Offset: 0x07FDB - 0x07FDB (Len: 1 bytes)
  Data Snippet: 3F 

[FLASH MEMORY]
  Offset: 0x07FDD - 0x07FDD (Len: 1 bytes)
  Data Snippet: 3F 

[FLASH MEMORY]
  Offset: 0x07FDF - 0x07FDF (Len: 1 bytes)
  Data Snippet: 3F 

[FLASH MEMORY]
  Offset: 0x07FE1 - 0x07FE1 (Len: 1 bytes)
  Data Snippet: 3F 

[FLASH MEMORY]
  Offset: 0x07FE3 - 0x07FE3 (Len: 1 bytes)
  Data Snippet: 3F 

[FLASH MEMORY]
  Offset: 0x07FE5 - 0x07FE5 (Len: 1 bytes)
  Data Snippet: 3F 

[FLASH MEMORY]
  Offset: 0x07FE7 - 0x07FE7 (Len: 1 bytes)
  Data Snippet: 3F 

[FLASH MEMORY]
  Offset: 0x07FE9 - 0x07FE9 (Len: 1 bytes)
  Data Snippet: 3F 

[FLASH MEMORY]
  Offset: 0x07FEB - 0x07FEB (Len: 1 bytes)
  Data Snippet: 3F 

[FLASH MEMORY]
  Offset: 0x07FED - 0x07FED (Len: 1 bytes)
  Data Snippet: 3F 

[FLASH MEMORY]
  Offset: 0x07FEF - 0x07FEF (Len: 1 bytes)
  Data Snippet: 3F 

[FLASH MEMORY]
  Offset: 0x07FF1 - 0x07FF1 (Len: 1 bytes)
  Data Snippet: 3F 

[FLASH MEMORY]
  Offset: 0x07FF3 - 0x07FF3 (Len: 1 bytes)
  Data Snippet: 3F 

[FLASH MEMORY]
  Offset: 0x07FF5 - 0x07FF5 (Len: 1 bytes)
  Data Snippet: 3F 

[FLASH MEMORY]
  Offset: 0x07FF7 - 0x07FF7 (Len: 1 bytes)
  Data Snippet: 3F 

[FLASH MEMORY]
  Offset: 0x07FF9 - 0x07FF9 (Len: 1 bytes)
  Data Snippet: 3F 

[FLASH MEMORY]
  Offset: 0x07FFB - 0x07FFB (Len: 1 bytes)
  Data Snippet: 3F 

[FLASH MEMORY]
  Offset: 0x07FFD - 0x07FFD (Len: 1 bytes)
  Data Snippet: 3F 

[FLASH MEMORY]
  Offset: 0x07FFF - 0x07FFF (Len: 1 bytes)
  Data Snippet: 3F 

[Unknown/Flash]
  Offset: 0x10001 - 0x10001 (Len: 1 bytes)
  Data Snippet: 3F 

[Unknown/Flash]
  Offset: 0x10003 - 0x10003 (Len: 1 bytes)
  Data Snippet: 3F 

[Unknown/Flash]
  Offset: 0x10005 - 0x10005 (Len: 1 bytes)
  Data Snippet: 3F 

[Unknown/Flash]
  Offset: 0x10007 - 0x10007 (Len: 1 bytes)
  Data Snippet: 3F 

[CONFIGURATION BITS]
  Offset: 0x1000E - 0x10011 (Len: 4 bytes)
  Data Snippet: C4 3F 33 32 

[EEPROM DATA]
  Offset: 0x1E000 - 0x1E03B (Len: 60 bytes)
  Data Snippet: 78 00 05 00 00 00 15 00 

[EEPROM DATA]
  Offset: 0x1E03D - 0x1E03D (Len: 1 bytes)
  Data Snippet: 00 

[EEPROM DATA]
  Offset: 0x1E03F - 0x1E05B (Len: 29 bytes)
  Data Snippet: 00 00 00 10 00 00 00 22 

[EEPROM DATA]
  Offset: 0x1E05D - 0x1E05D (Len: 1 bytes)
  Data Snippet: 00 

[EEPROM DATA]
  Offset: 0x1E05F - 0x1E06B (Len: 13 bytes)
  Data Snippet: 00 00 00 10 00 00 00 01 

[EEPROM DATA]
  Offset: 0x1E06D - 0x1E06D (Len: 1 bytes)
  Data Snippet: 00 

[EEPROM DATA]
  Offset: 0x1E06F - 0x1E06F (Len: 1 bytes)
  Data Snippet: 00 

[EEPROM DATA]
  Offset: 0x1E071 - 0x1E071 (Len: 1 bytes)
  Data Snippet: 00 

[EEPROM DATA]
  Offset: 0x1E073 - 0x1E073 (Len: 1 bytes)
  Data Snippet: 00 

[EEPROM DATA]
  Offset: 0x1E075 - 0x1E075 (Len: 1 bytes)
  Data Snippet: 00 

[EEPROM DATA]
  Offset: 0x1E077 - 0x1E077 (Len: 1 bytes)
  Data Snippet: 00 

[EEPROM DATA]
  Offset: 0x1E079 - 0x1E079 (Len: 1 bytes)
  Data Snippet: 00 

[EEPROM DATA]
  Offset: 0x1E07B - 0x1E07B (Len: 1 bytes)
  Data Snippet: 00 

[EEPROM DATA]
  Offset: 0x1E07D - 0x1E07D (Len: 1 bytes)
  Data Snippet: 00 

[EEPROM DATA]
  Offset: 0x1E07F - 0x1E07F (Len: 1 bytes)
  Data Snippet: 00 

[EEPROM DATA]
  Offset: 0x1E081 - 0x1E081 (Len: 1 bytes)
  Data Snippet: 00 

[EEPROM DATA]
  Offset: 0x1E083 - 0x1E083 (Len: 1 bytes)
  Data Snippet: 00 

[EEPROM DATA]
  Offset: 0x1E085 - 0x1E085 (Len: 1 bytes)
  Data Snippet: 00 

[EEPROM DATA]
  Offset: 0x1E087 - 0x1E087 (Len: 1 bytes)
  Data Snippet: 00 

[EEPROM DATA]
  Offset: 0x1E089 - 0x1E089 (Len: 1 bytes)
  Data Snippet: 00 

[EEPROM DATA]
  Offset: 0x1E08B - 0x1E08B (Len: 1 bytes)
  Data Snippet: 00 

[EEPROM DATA]
  Offset: 0x1E08D - 0x1E08D (Len: 1 bytes)
  Data Snippet: 00 

[EEPROM DATA]
  Offset: 0x1E08F - 0x1E08F (Len: 1 bytes)
  Data Snippet: 00 

[EEPROM DATA]
  Offset: 0x1E091 - 0x1E091 (Len: 1 bytes)
  Data Snippet: 00 

[EEPROM DATA]
  Offset: 0x1E093 - 0x1E093 (Len: 1 bytes)
  Data Snippet: 00 

[EEPROM DATA]
  Offset: 0x1E095 - 0x1E095 (Len: 1 bytes)
  Data Snippet: 00 

[EEPROM DATA]
  Offset: 0x1E097 - 0x1E097 (Len: 1 bytes)
  Data Snippet: 00 

[EEPROM DATA]
  Offset: 0x1E099 - 0x1E099 (Len: 1 bytes)
  Data Snippet: 00 

[EEPROM DATA]
  Offset: 0x1E09B - 0x1E09B (Len: 1 bytes)
  Data Snippet: 00 

[EEPROM DATA]
  Offset: 0x1E09D - 0x1E09D (Len: 1 bytes)
  Data Snippet: 00 

[EEPROM DATA]
  Offset: 0x1E09F - 0x1E09F (Len: 1 bytes)
  Data Snippet: 00 

[EEPROM DATA]
  Offset: 0x1E0A1 - 0x1E0A1 (Len: 1 bytes)
  Data Snippet: 00 

[EEPROM DATA]
  Offset: 0x1E0A3 - 0x1E0A3 (Len: 1 bytes)
  Data Snippet: 00 

[EEPROM DATA]
  Offset: 0x1E0A5 - 0x1E0A5 (Len: 1 bytes)
  Data Snippet: 00 

[EEPROM DATA]
  Offset: 0x1E0A7 - 0x1E0A7 (Len: 1 bytes)
  Data Snippet: 00 

[EEPROM DATA]
  Offset: 0x1E0A9 - 0x1E0A9 (Len: 1 bytes)
  Data Snippet: 00 

[EEPROM DATA]
  Offset: 0x1E0AB - 0x1E0AB (Len: 1 bytes)
  Data Snippet: 00 

[EEPROM DATA]
  Offset: 0x1E0AD - 0x1E0AD (Len: 1 bytes)
  Data Snippet: 00 

[EEPROM DATA]
  Offset: 0x1E0AF - 0x1E0AF (Len: 1 bytes)
  Data Snippet: 00 

[EEPROM DATA]
  Offset: 0x1E0B1 - 0x1E0B1 (Len: 1 bytes)
  Data Snippet: 00 

[EEPROM DATA]
  Offset: 0x1E0B3 - 0x1E0B3 (Len: 1 bytes)
  Data Snippet: 00 

[EEPROM DATA]
  Offset: 0x1E0B5 - 0x1E0B5 (Len: 1 bytes)
  Data Snippet: 00 

[EEPROM DATA]
  Offset: 0x1E0B7 - 0x1E0B7 (Len: 1 bytes)
  Data Snippet: 00 

[EEPROM DATA]
  Offset: 0x1E0B9 - 0x1E0B9 (Len: 1 bytes)
  Data Snippet: 00 

[EEPROM DATA]
  Offset: 0x1E0BB - 0x1E0BB (Len: 1 bytes)
  Data Snippet: 00 

[EEPROM DATA]
  Offset: 0x1E0BD - 0x1E0BD (Len: 1 bytes)
  Data Snippet: 00 

[EEPROM DATA]
  Offset: 0x1E0BF - 0x1E0BF (Len: 1 bytes)
  Data Snippet: 00 

[EEPROM DATA]
  Offset: 0x1E0C1 - 0x1E0C1 (Len: 1 bytes)
  Data Snippet: 00 

[EEPROM DATA]
  Offset: 0x1E0C3 - 0x1E0C3 (Len: 1 bytes)
  Data Snippet: 00 

[EEPROM DATA]
  Offset: 0x1E0C5 - 0x1E0C5 (Len: 1 bytes)
  Data Snippet: 00 

[EEPROM DATA]
  Offset: 0x1E0C7 - 0x1E0C7 (Len: 1 bytes)
  Data Snippet: 00 

[EEPROM DATA]
  Offset: 0x1E0C9 - 0x1E0C9 (Len: 1 bytes)
  Data Snippet: 00 

[EEPROM DATA]
  Offset: 0x1E0CB - 0x1E0CB (Len: 1 bytes)
  Data Snippet: 00 

[EEPROM DATA]
  Offset: 0x1E0CD - 0x1E0CD (Len: 1 bytes)
  Data Snippet: 00 

[EEPROM DATA]
  Offset: 0x1E0CF - 0x1E0CF (Len: 1 bytes)
  Data Snippet: 00 

[EEPROM DATA]
  Offset: 0x1E0D1 - 0x1E0D1 (Len: 1 bytes)
  Data Snippet: 00 

[EEPROM DATA]
  Offset: 0x1E0D3 - 0x1E0D3 (Len: 1 bytes)
  Data Snippet: 00 

[EEPROM DATA]
  Offset: 0x1E0D5 - 0x1E0D5 (Len: 1 bytes)
  Data Snippet: 00 

[EEPROM DATA]
  Offset: 0x1E0D7 - 0x1E0D7 (Len: 1 bytes)
  Data Snippet: 00 

[EEPROM DATA]
  Offset: 0x1E0D9 - 0x1E0D9 (Len: 1 bytes)
  Data Snippet: 00 

[EEPROM DATA]
  Offset: 0x1E0DB - 0x1E0DB (Len: 1 bytes)
  Data Snippet: 00 

[EEPROM DATA]
  Offset: 0x1E0DD - 0x1E0DD (Len: 1 bytes)
  Data Snippet: 00 

[EEPROM DATA]
  Offset: 0x1E0DF - 0x1E0DF (Len: 1 bytes)
  Data Snippet: 00 

[EEPROM DATA]
  Offset: 0x1E0E1 - 0x1E0E1 (Len: 1 bytes)
  Data Snippet: 00 

[EEPROM DATA]
  Offset: 0x1E0E3 - 0x1E0E3 (Len: 1 bytes)
  Data Snippet: 00 

[EEPROM DATA]
  Offset: 0x1E0E5 - 0x1E0E5 (Len: 1 bytes)
  Data Snippet: 00 

[EEPROM DATA]
  Offset: 0x1E0E7 - 0x1E0E7 (Len: 1 bytes)
  Data Snippet: 00 

[EEPROM DATA]
  Offset: 0x1E0E9 - 0x1E0E9 (Len: 1 bytes)
  Data Snippet: 00 

[EEPROM DATA]
  Offset: 0x1E0EB - 0x1E0EB (Len: 1 bytes)
  Data Snippet: 00 

[EEPROM DATA]
  Offset: 0x1E0ED - 0x1E0ED (Len: 1 bytes)
  Data Snippet: 00 

[EEPROM DATA]
  Offset: 0x1E0EF - 0x1E0EF (Len: 1 bytes)
  Data Snippet: 00 

[EEPROM DATA]
  Offset: 0x1E0F1 - 0x1E0F1 (Len: 1 bytes)
  Data Snippet: 00 

[EEPROM DATA]
  Offset: 0x1E0F3 - 0x1E0F3 (Len: 1 bytes)
  Data Snippet: 00 

[EEPROM DATA]
  Offset: 0x1E0F5 - 0x1E0F5 (Len: 1 bytes)
  Data Snippet: 00 

[EEPROM DATA]
  Offset: 0x1E0F7 - 0x1E0F7 (Len: 1 bytes)
  Data Snippet: 00 

[EEPROM DATA]
  Offset: 0x1E0F9 - 0x1E0F9 (Len: 1 bytes)
  Data Snippet: 00 

[EEPROM DATA]
  Offset: 0x1E0FB - 0x1E0FB (Len: 1 bytes)
  Data Snippet: 00 

[EEPROM DATA]
  Offset: 0x1E0FD - 0x1E0FD (Len: 1 bytes)
  Data Snippet: 00 

[EEPROM DATA]
  Offset: 0x1E0FF - 0x1E0FF (Len: 1 bytes)
  Data Snippet: 00 

[EEPROM DATA]
  Offset: 0x1E101 - 0x1E101 (Len: 1 bytes)
  Data Snippet: 00 

[EEPROM DATA]
  Offset: 0x1E103 - 0x1E103 (Len: 1 bytes)
  Data Snippet: 00 

[EEPROM DATA]
  Offset: 0x1E105 - 0x1E105 (Len: 1 bytes)
  Data Snippet: 00 

[EEPROM DATA]
  Offset: 0x1E107 - 0x1E107 (Len: 1 bytes)
  Data Snippet: 00 

[EEPROM DATA]
  Offset: 0x1E109 - 0x1E109 (Len: 1 bytes)
  Data Snippet: 00 

[EEPROM DATA]
  Offset: 0x1E10B - 0x1E10B (Len: 1 bytes)
  Data Snippet: 00 

[EEPROM DATA]
  Offset: 0x1E10D - 0x1E10D (Len: 1 bytes)
  Data Snippet: 00 

[EEPROM DATA]
  Offset: 0x1E10F - 0x1E10F (Len: 1 bytes)
  Data Snippet: 00 

[EEPROM DATA]
  Offset: 0x1E111 - 0x1E111 (Len: 1 bytes)
  Data Snippet: 00 

[EEPROM DATA]
  Offset: 0x1E113 - 0x1E113 (Len: 1 bytes)
  Data Snippet: 00 

[EEPROM DATA]
  Offset: 0x1E115 - 0x1E115 (Len: 1 bytes)
  Data Snippet: 00 

[EEPROM DATA]
  Offset: 0x1E117 - 0x1E117 (Len: 1 bytes)
  Data Snippet: 00 

[EEPROM DATA]
  Offset: 0x1E119 - 0x1E119 (Len: 1 bytes)
  Data Snippet: 00 

[EEPROM DATA]
  Offset: 0x1E11B - 0x1E11B (Len: 1 bytes)
  Data Snippet: 00 

[EEPROM DATA]
  Offset: 0x1E11D - 0x1E11D (Len: 1 bytes)
  Data Snippet: 00 

[EEPROM DATA]
  Offset: 0x1E11F - 0x1E11F (Len: 1 bytes)
  Data Snippet: 00 

[EEPROM DATA]
  Offset: 0x1E121 - 0x1E121 (Len: 1 bytes)
  Data Snippet: 00 

[EEPROM DATA]
  Offset: 0x1E123 - 0x1E123 (Len: 1 bytes)
  Data Snippet: 00 

[EEPROM DATA]
  Offset: 0x1E125 - 0x1E125 (Len: 1 bytes)
  Data Snippet: 00 

[EEPROM DATA]
  Offset: 0x1E127 - 0x1E127 (Len: 1 bytes)
  Data Snippet: 00 

[EEPROM DATA]
  Offset: 0x1E129 - 0x1E129 (Len: 1 bytes)
  Data Snippet: 00 

[EEPROM DATA]
  Offset: 0x1E12B - 0x1E12B (Len: 1 bytes)
  Data Snippet: 00 

[EEPROM DATA]
  Offset: 0x1E12D - 0x1E12D (Len: 1 bytes)
  Data Snippet: 00 

[EEPROM DATA]
  Offset: 0x1E12F - 0x1E12F (Len: 1 bytes)
  Data Snippet: 00 

[EEPROM DATA]
  Offset: 0x1E131 - 0x1E131 (Len: 1 bytes)
  Data Snippet: 00 

[EEPROM DATA]
  Offset: 0x1E133 - 0x1E133 (Len: 1 bytes)
  Data Snippet: 00 

[EEPROM DATA]
  Offset: 0x1E135 - 0x1E135 (Len: 1 bytes)
  Data Snippet: 00 

[EEPROM DATA]
  Offset: 0x1E137 - 0x1E137 (Len: 1 bytes)
  Data Snippet: 00 

[EEPROM DATA]
  Offset: 0x1E139 - 0x1E139 (Len: 1 bytes)
  Data Snippet: 00 

[EEPROM DATA]
  Offset: 0x1E13B - 0x1E13B (Len: 1 bytes)
  Data Snippet: 00 

[EEPROM DATA]
  Offset: 0x1E13D - 0x1E13D (Len: 1 bytes)
  Data Snippet: 00 

[EEPROM DATA]
  Offset: 0x1E13F - 0x1E13F (Len: 1 bytes)
  Data Snippet: 00 

[EEPROM DATA]
  Offset: 0x1E141 - 0x1E141 (Len: 1 bytes)
  Data Snippet: 00 

[EEPROM DATA]
  Offset: 0x1E143 - 0x1E143 (Len: 1 bytes)
  Data Snippet: 00 

[EEPROM DATA]
  Offset: 0x1E145 - 0x1E145 (Len: 1 bytes)
  Data Snippet: 00 

[EEPROM DATA]
  Offset: 0x1E147 - 0x1E147 (Len: 1 bytes)
  Data Snippet: 00 

[EEPROM DATA]
  Offset: 0x1E149 - 0x1E149 (Len: 1 bytes)
  Data Snippet: 00 

[EEPROM DATA]
  Offset: 0x1E14B - 0x1E14B (Len: 1 bytes)
  Data Snippet: 00 

[EEPROM DATA]
  Offset: 0x1E14D - 0x1E14D (Len: 1 bytes)
  Data Snippet: 00 

[EEPROM DATA]
  Offset: 0x1E14F - 0x1E14F (Len: 1 bytes)
  Data Snippet: 00 

[EEPROM DATA]
  Offset: 0x1E151 - 0x1E151 (Len: 1 bytes)
  Data Snippet: 00 

[EEPROM DATA]
  Offset: 0x1E153 - 0x1E153 (Len: 1 bytes)
  Data Snippet: 00 

[EEPROM DATA]
  Offset: 0x1E155 - 0x1E155 (Len: 1 bytes)
  Data Snippet: 00 

[EEPROM DATA]
  Offset: 0x1E157 - 0x1E157 (Len: 1 bytes)
  Data Snippet: 00 

[EEPROM DATA]
  Offset: 0x1E159 - 0x1E159 (Len: 1 bytes)
  Data Snippet: 00 

[EEPROM DATA]
  Offset: 0x1E15B - 0x1E15B (Len: 1 bytes)
  Data Snippet: 00 

[EEPROM DATA]
  Offset: 0x1E15D - 0x1E15D (Len: 1 bytes)
  Data Snippet: 00 

[EEPROM DATA]
  Offset: 0x1E15F - 0x1E15F (Len: 1 bytes)
  Data Snippet: 00 

[EEPROM DATA]
  Offset: 0x1E161 - 0x1E161 (Len: 1 bytes)
  Data Snippet: 00 

[EEPROM DATA]
  Offset: 0x1E163 - 0x1E163 (Len: 1 bytes)
  Data Snippet: 00 

[EEPROM DATA]
  Offset: 0x1E165 - 0x1E165 (Len: 1 bytes)
  Data Snippet: 00 

[EEPROM DATA]
  Offset: 0x1E167 - 0x1E167 (Len: 1 bytes)
  Data Snippet: 00 

[EEPROM DATA]
  Offset: 0x1E169 - 0x1E169 (Len: 1 bytes)
  Data Snippet: 00 

[EEPROM DATA]
  Offset: 0x1E16B - 0x1E16B (Len: 1 bytes)
  Data Snippet: 00 

[EEPROM DATA]
  Offset: 0x1E16D - 0x1E16D (Len: 1 bytes)
  Data Snippet: 00 

[EEPROM DATA]
  Offset: 0x1E16F - 0x1E16F (Len: 1 bytes)
  Data Snippet: 00 

[EEPROM DATA]
  Offset: 0x1E171 - 0x1E171 (Len: 1 bytes)
  Data Snippet: 00 

[EEPROM DATA]
  Offset: 0x1E173 - 0x1E173 (Len: 1 bytes)
  Data Snippet: 00 

[EEPROM DATA]
  Offset: 0x1E175 - 0x1E175 (Len: 1 bytes)
  Data Snippet: 00 

[EEPROM DATA]
  Offset: 0x1E177 - 0x1E177 (Len: 1 bytes)
  Data Snippet: 00 

[EEPROM DATA]
  Offset: 0x1E179 - 0x1E179 (Len: 1 bytes)
  Data Snippet: 00 

[EEPROM DATA]
  Offset: 0x1E17B - 0x1E17B (Len: 1 bytes)
  Data Snippet: 00 

[EEPROM DATA]
  Offset: 0x1E17D - 0x1E17D (Len: 1 bytes)
  Data Snippet: 00 

[EEPROM DATA]
  Offset: 0x1E17F - 0x1E17F (Len: 1 bytes)
  Data Snippet: 00 

[EEPROM DATA]
  Offset: 0x1E181 - 0x1E181 (Len: 1 bytes)
  Data Snippet: 00 

[EEPROM DATA]
  Offset: 0x1E183 - 0x1E183 (Len: 1 bytes)
  Data Snippet: 00 

[EEPROM DATA]
  Offset: 0x1E185 - 0x1E185 (Len: 1 bytes)
  Data Snippet: 00 

[EEPROM DATA]
  Offset: 0x1E187 - 0x1E187 (Len: 1 bytes)
  Data Snippet: 00 

[EEPROM DATA]
  Offset: 0x1E189 - 0x1E189 (Len: 1 bytes)
  Data Snippet: 00 

[EEPROM DATA]
  Offset: 0x1E18B - 0x1E18B (Len: 1 bytes)
  Data Snippet: 00 

[EEPROM DATA]
  Offset: 0x1E18D - 0x1E18D (Len: 1 bytes)
  Data Snippet: 00 

[EEPROM DATA]
  Offset: 0x1E18F - 0x1E18F (Len: 1 bytes)
  Data Snippet: 00 

[EEPROM DATA]
  Offset: 0x1E191 - 0x1E191 (Len: 1 bytes)
  Data Snippet: 00 

[EEPROM DATA]
  Offset: 0x1E193 - 0x1E193 (Len: 1 bytes)
  Data Snippet: 00 

[EEPROM DATA]
  Offset: 0x1E195 - 0x1E195 (Len: 1 bytes)
  Data Snippet: 00 

[EEPROM DATA]
  Offset: 0x1E197 - 0x1E197 (Len: 1 bytes)
  Data Snippet: 00 

[EEPROM DATA]
  Offset: 0x1E199 - 0x1E199 (Len: 1 bytes)
  Data Snippet: 00 

[EEPROM DATA]
  Offset: 0x1E19B - 0x1E19B (Len: 1 bytes)
  Data Snippet: 00 

[EEPROM DATA]
  Offset: 0x1E19D - 0x1E19D (Len: 1 bytes)
  Data Snippet: 00 

[EEPROM DATA]
  Offset: 0x1E19F - 0x1E19F (Len: 1 bytes)
  Data Snippet: 00 

[EEPROM DATA]
  Offset: 0x1E1A1 - 0x1E1A1 (Len: 1 bytes)
  Data Snippet: 00 

[EEPROM DATA]
  Offset: 0x1E1A3 - 0x1E1A3 (Len: 1 bytes)
  Data Snippet: 00 

[EEPROM DATA]
  Offset: 0x1E1A5 - 0x1E1A5 (Len: 1 bytes)
  Data Snippet: 00 

[EEPROM DATA]
  Offset: 0x1E1A7 - 0x1E1A7 (Len: 1 bytes)
  Data Snippet: 00 

[EEPROM DATA]
  Offset: 0x1E1A9 - 0x1E1A9 (Len: 1 bytes)
  Data Snippet: 00 

[EEPROM DATA]
  Offset: 0x1E1AB - 0x1E1AB (Len: 1 bytes)
  Data Snippet: 00 

[EEPROM DATA]
  Offset: 0x1E1AD - 0x1E1AD (Len: 1 bytes)
  Data Snippet: 00 

[EEPROM DATA]
  Offset: 0x1E1AF - 0x1E1AF (Len: 1 bytes)
  Data Snippet: 00 

[EEPROM DATA]
  Offset: 0x1E1B1 - 0x1E1B1 (Len: 1 bytes)
  Data Snippet: 00 

[EEPROM DATA]
  Offset: 0x1E1B3 - 0x1E1B3 (Len: 1 bytes)
  Data Snippet: 00 

[EEPROM DATA]
  Offset: 0x1E1B5 - 0x1E1B5 (Len: 1 bytes)
  Data Snippet: 00 

[EEPROM DATA]
  Offset: 0x1E1B7 - 0x1E1B7 (Len: 1 bytes)
  Data Snippet: 00 

[EEPROM DATA]
  Offset: 0x1E1B9 - 0x1E1B9 (Len: 1 bytes)
  Data Snippet: 00 

[EEPROM DATA]
  Offset: 0x1E1BB - 0x1E1BB (Len: 1 bytes)
  Data Snippet: 00 

[EEPROM DATA]
  Offset: 0x1E1BD - 0x1E1BD (Len: 1 bytes)
  Data Snippet: 00 

[EEPROM DATA]
  Offset: 0x1E1BF - 0x1E1BF (Len: 1 bytes)
  Data Snippet: 00 

[EEPROM DATA]
  Offset: 0x1E1C1 - 0x1E1C1 (Len: 1 bytes)
  Data Snippet: 00 

[EEPROM DATA]
  Offset: 0x1E1C3 - 0x1E1C3 (Len: 1 bytes)
  Data Snippet: 00 

[EEPROM DATA]
  Offset: 0x1E1C5 - 0x1E1C5 (Len: 1 bytes)
  Data Snippet: 00 

[EEPROM DATA]
  Offset: 0x1E1C7 - 0x1E1C7 (Len: 1 bytes)
  Data Snippet: 00 

[EEPROM DATA]
  Offset: 0x1E1C9 - 0x1E1C9 (Len: 1 bytes)
  Data Snippet: 00 

[EEPROM DATA]
  Offset: 0x1E1CB - 0x1E1CB (Len: 1 bytes)
  Data Snippet: 00 

[EEPROM DATA]
  Offset: 0x1E1CD - 0x1E1CD (Len: 1 bytes)
  Data Snippet: 00 

[EEPROM DATA]
  Offset: 0x1E1CF - 0x1E1CF (Len: 1 bytes)
  Data Snippet: 00 

[EEPROM DATA]
  Offset: 0x1E1D1 - 0x1E1D1 (Len: 1 bytes)
  Data Snippet: 00 

[EEPROM DATA]
  Offset: 0x1E1D3 - 0x1E1D3 (Len: 1 bytes)
  Data Snippet: 00 

[EEPROM DATA]
  Offset: 0x1E1D5 - 0x1E1D5 (Len: 1 bytes)
  Data Snippet: 00 

[EEPROM DATA]
  Offset: 0x1E1D7 - 0x1E1D7 (Len: 1 bytes)
  Data Snippet: 00 

[EEPROM DATA]
  Offset: 0x1E1D9 - 0x1E1D9 (Len: 1 bytes)
  Data Snippet: 00 

[EEPROM DATA]
  Offset: 0x1E1DB - 0x1E1DB (Len: 1 bytes)
  Data Snippet: 00 

[EEPROM DATA]
  Offset: 0x1E1DD - 0x1E1DD (Len: 1 bytes)
  Data Snippet: 00 

[EEPROM DATA]
  Offset: 0x1E1DF - 0x1E1DF (Len: 1 bytes)
  Data Snippet: 00 

[EEPROM DATA]
  Offset: 0x1E1E1 - 0x1E1E1 (Len: 1 bytes)
  Data Snippet: 00 

[EEPROM DATA]
  Offset: 0x1E1E3 - 0x1E1E3 (Len: 1 bytes)
  Data Snippet: 00 

[EEPROM DATA]
  Offset: 0x1E1E5 - 0x1E1E5 (Len: 1 bytes)
  Data Snippet: 00 

[EEPROM DATA]
  Offset: 0x1E1E7 - 0x1E1E7 (Len: 1 bytes)
  Data Snippet: 00 

[EEPROM DATA]
  Offset: 0x1E1E9 - 0x1E1E9 (Len: 1 bytes)
  Data Snippet: 00 

[EEPROM DATA]
  Offset: 0x1E1EB - 0x1E1EB (Len: 1 bytes)
  Data Snippet: 00 

[EEPROM DATA]
  Offset: 0x1E1ED - 0x1E1ED (Len: 1 bytes)
  Data Snippet: 00 

[EEPROM DATA]
  Offset: 0x1E1EF - 0x1E1EF (Len: 1 bytes)
  Data Snippet: 00 

[EEPROM DATA]
  Offset: 0x1E1F1 - 0x1E1F1 (Len: 1 bytes)
  Data Snippet: 00 

[EEPROM DATA]
  Offset: 0x1E1F3 - 0x1E1F3 (Len: 1 bytes)
  Data Snippet: 00 

[EEPROM DATA]
  Offset: 0x1E1F5 - 0x1E1FF (Len: 11 bytes)
  Data Snippet: 00 00 00 00 00 01 00 00 

